#
# There is insufficient memory for the Java Runtime Environment to continue.
# Native memory allocation (mmap) failed to map 65536 bytes for Failed to commit metaspace.
# Possible reasons:
#   The system is out of physical RAM or swap space
#   The process is running with CompressedOops enabled, and the Java Heap may be blocking the growth of the native heap
# Possible solutions:
#   Reduce memory load on the system
#   Increase physical memory or swap space
#   Check if swap backing store is full
#   Decrease Java heap size (-Xmx/-Xms)
#   Decrease number of Java threads
#   Decrease Java thread stack sizes (-Xss)
#   Set larger code cache with -XX:ReservedCodeCacheSize=
#   JVM is running with Unscaled Compressed Oops mode in which the Java heap is
#     placed in the first 4GB address space. The Java Heap base address is the
#     maximum limit for the native heap growth. Please use -XX:HeapBaseMinAddress
#     to set the Java Heap base and to place the Java Heap above 4GB virtual address.
# This output file may be truncated or incomplete.
#
#  Out of Memory Error (virtualSpaceNode.cpp:110), pid=6636, tid=11504
#
# JRE version: Java(TM) SE Runtime Environment (20.0.1+9) (build 20.0.1+9-29)
# Java VM: Java HotSpot(TM) 64-Bit Server VM (20.0.1+9-29, mixed mode, emulated-client, sharing, tiered, compressed oops, compressed class ptrs, g1 gc, windows-amd64)
# No core dump will be written. Minidumps are not enabled by default on client versions of Windows
#

---------------  S U M M A R Y ------------

Command Line: -XX:TieredStopAtLevel=1 -Dspring.output.ansi.enabled=always -Dcom.sun.management.jmxremote -Dspring.jmx.enabled=true -Dspring.liveBeansView.mbeanDomain -Dspring.application.admin.enabled=true -Dmanagement.endpoints.jmx.exposure.include=* -javaagent:C:\Program Files\JetBrains\IntelliJ IDEA 2023.2.1\lib\idea_rt.jar=50980:C:\Program Files\JetBrains\IntelliJ IDEA 2023.2.1\bin -Dfile.encoding=UTF-8 -Dsun.stdout.encoding=UTF-8 -Dsun.stderr.encoding=UTF-8 com.example.securitylesson.SecurityLessonApplication

Host: Intel(R) Core(TM) i5-4210U CPU @ 1.70GHz, 4 cores, 7G,  Windows 10 , 64 bit Build 15063 (10.0.15063.1058)
Time: Thu May 16 17:03:32 2024 שעון רגיל ירושלים elapsed time: 1.469859 seconds (0d 0h 0m 1s)

---------------  T H R E A D  ---------------

Current thread (0x000002b8486f3510):  JavaThread "main" [_thread_in_vm, id=11504, stack(0x000000c02fc00000,0x000000c02fd00000)]

Stack: [0x000000c02fc00000,0x000000c02fd00000]
Native frames: (J=compiled Java code, j=interpreted, Vv=VM code, C=native code)
V  [jvm.dll+0x6bb95a]
V  [jvm.dll+0x8485fa]
V  [jvm.dll+0x84a1f5]
V  [jvm.dll+0x84a8f3]
V  [jvm.dll+0x280b0f]
V  [jvm.dll+0x84453b]
V  [jvm.dll+0x65fd86]
V  [jvm.dll+0x1eb4e7]
V  [jvm.dll+0x6627a2]
V  [jvm.dll+0x66258e]
V  [jvm.dll+0x66079e]
V  [jvm.dll+0x26da71]
V  [jvm.dll+0x21bea7]
V  [jvm.dll+0x211780]
V  [jvm.dll+0x59c26c]
V  [jvm.dll+0x7c3693]
V  [jvm.dll+0x7c3774]
V  [jvm.dll+0x46c524]
V  [jvm.dll+0x471a88]
C  [java.dll+0x17ec]

Java frames: (J=compiled Java code, j=interpreted, Vv=VM code)
j  java.lang.ClassLoader.defineClass1(Ljava/lang/ClassLoader;Ljava/lang/String;[BIILjava/security/ProtectionDomain;Ljava/lang/String;)Ljava/lang/Class;+0 java.base@20.0.1
j  java.lang.ClassLoader.defineClass(Ljava/lang/String;[BIILjava/security/ProtectionDomain;)Ljava/lang/Class;+27 java.base@20.0.1
j  java.security.SecureClassLoader.defineClass(Ljava/lang/String;[BIILjava/security/CodeSource;)Ljava/lang/Class;+12 java.base@20.0.1
j  jdk.internal.loader.BuiltinClassLoader.defineClass(Ljava/lang/String;Ljdk/internal/loader/Resource;)Ljava/lang/Class;+117 java.base@20.0.1
j  jdk.internal.loader.BuiltinClassLoader.findClassOnClassPathOrNull(Ljava/lang/String;)Ljava/lang/Class;+37 java.base@20.0.1
J 1185 c1 jdk.internal.loader.BuiltinClassLoader.loadClassOrNull(Ljava/lang/String;Z)Ljava/lang/Class; java.base@20.0.1 (143 bytes) @ 0x000002b850b97804 [0x000002b850b97440+0x00000000000003c4]
j  jdk.internal.loader.BuiltinClassLoader.loadClass(Ljava/lang/String;Z)Ljava/lang/Class;+3 java.base@20.0.1
j  jdk.internal.loader.ClassLoaders$AppClassLoader.loadClass(Ljava/lang/String;Z)Ljava/lang/Class;+36 java.base@20.0.1
j  java.lang.ClassLoader.loadClass(Ljava/lang/String;)Ljava/lang/Class;+3 java.base@20.0.1
v  ~StubRoutines::call_stub 0x000002b8507a100d
j  org.springframework.boot.ApplicationContextFactory.<clinit>()V+0
v  ~StubRoutines::call_stub 0x000002b8507a100d
j  org.springframework.boot.SpringApplication.<init>(Lorg/springframework/core/io/ResourceLoader;[Ljava/lang/Class;)V+65
j  org.springframework.boot.SpringApplication.<init>([Ljava/lang/Class;)V+3
j  org.springframework.boot.SpringApplication.run([Ljava/lang/Class;[Ljava/lang/String;)Lorg/springframework/context/ConfigurableApplicationContext;+5
j  org.springframework.boot.SpringApplication.run(Ljava/lang/Class;[Ljava/lang/String;)Lorg/springframework/context/ConfigurableApplicationContext;+9
j  com.example.securitylesson.SecurityLessonApplication.main([Ljava/lang/String;)V+3
v  ~StubRoutines::call_stub 0x000002b8507a100d

Compiled method (c1)    1659 1185   !   1       jdk.internal.loader.BuiltinClassLoader::loadClassOrNull (143 bytes)
 total in heap  [0x000002b850b97210,0x000002b850b98100] = 3824
 relocation     [0x000002b850b97358,0x000002b850b97438] = 224
 main code      [0x000002b850b97440,0x000002b850b97a18] = 1496
 stub code      [0x000002b850b97a18,0x000002b850b97af8] = 224
 metadata       [0x000002b850b97af8,0x000002b850b97b70] = 120
 scopes data    [0x000002b850b97b70,0x000002b850b97d68] = 504
 scopes pcs     [0x000002b850b97d68,0x000002b850b97ef8] = 400
 dependencies   [0x000002b850b97ef8,0x000002b850b97f10] = 24
 handler table  [0x000002b850b97f10,0x000002b850b980c0] = 432
 nul chk table  [0x000002b850b980c0,0x000002b850b98100] = 64

[Constant Pool (empty)]

[MachCode]
[Entry Point]
  # {method} {0x0000000800069738} 'loadClassOrNull' '(Ljava/lang/String;Z)Ljava/lang/Class;' in 'jdk/internal/loader/BuiltinClassLoader'
  # this:     rdx:rdx   = 'jdk/internal/loader/BuiltinClassLoader'
  # parm0:    r8:r8     = 'java/lang/String'
  # parm1:    r9        = boolean
  #           [sp+0x100]  (sp of caller)
  0x000002b850b97440: 448b 5208 | 49bb 0000 | 0000 0800 | 0000 4d03 | d34c 3bd0 

  0x000002b850b97454: ;   {runtime_call ic_miss_stub}
  0x000002b850b97454: 0f85 a6c9 | c6ff 660f | 1f44 0000 
[Verified Entry Point]
  0x000002b850b97460: 8984 2400 | 80ff ff55 | 4881 ecf0 | 0000 0090 | 4181 7f20 | 0100 0000 

  0x000002b850b97478: ;   {runtime_call StubRoutines (2)}
  0x000002b850b97478: 7405 e801 | 28c5 ff48 | 8994 24a0 | 0000 004c | 8984 2498 | 0000 008b | 5a28 4883 | fb00 0f85 
  0x000002b850b97498: 1000 0000 | 488b f244 | 898c 24a8 | 0000 00e9 | 9500 0000 | 4489 8c24 | a800 0000 

  0x000002b850b974b4: ;   {metadata('java/lang/Object')}
  0x000002b850b974b4: 48ba 700e | 0000 0800 | 0000 498b | 87f8 0000 | 0048 8d78 | 1049 3bbf | 0801 0000 | 0f87 7604 
  0x000002b850b974d4: 0000 4989 | bff8 0000 | 0048 c700 | 0100 0000 | 488b ca49 | ba00 0000 | 0008 0000 | 0049 2bca 
  0x000002b850b974f4: 8948 0848 | 33c9 8948 | 0c48 33c9 

  0x000002b850b97500: ; implicit exception: dispatches to 0x000002b850b97959
  0x000002b850b97500: 483b 0349 | 8bf0 4c8b | c64c 8bc8 | bf01 0000 | 0048 8bd3 | 4889 8424 | 9000 0000 

  0x000002b850b9751c: ;   {optimized virtual_call}
  0x000002b850b9751c: 6666 90e8 

  0x000002b850b97520: ; ImmutableOopMap {[144]=Oop [152]=Oop [160]=Oop }
                      ;*invokevirtual putVal {reexecute=0 rethrow=0 return_oop=0}
                      ; - java.util.concurrent.ConcurrentHashMap::putIfAbsent@4 (line 1541)
                      ; - java.lang.ClassLoader::getClassLoadingLock@23 (line 667)
                      ; - jdk.internal.loader.BuiltinClassLoader::loadClassOrNull@2 (line 651)
  0x000002b850b97520: 9cc3 d4ff | 4883 f800 | 0f84 0800 | 0000 488b | f0e9 0b00 | 0000 488b | 8424 9000 | 0000 488b 
  0x000002b850b97540: f048 8d94 | 24d0 0000 | 0048 8972 | 0848 8b06 | 4883 c801 | 4889 02f0 | 480f b116 | 0f84 1200 
  0x000002b850b97560: 0000 482b | c448 2507 | f0ff ff48 | 8902 0f85 | ef03 0000 | 49ff 8778 | 0400 0048 | 8b94 2498 
  0x000002b850b97580: 0000 0048 | 89b4 24b0 | 0000 000f 

  0x000002b850b9758c: ;   {static_call}
  0x000002b850b9758c: 1f40 00e8 

  0x000002b850b97590: ; ImmutableOopMap {[152]=Oop [160]=Oop [176]=Oop [216]=Oop }
                      ;*invokestatic checkName {reexecute=0 rethrow=0 return_oop=0}
                      ; - java.lang.ClassLoader::findLoadedClass@1 (line 1284)
                      ; - jdk.internal.loader.BuiltinClassLoader::loadClassOrNull@10 (line 653)
  0x000002b850b97590: acf6 fdff | 83f8 000f | 850f 0000 

  0x000002b850b9759c: ;   {oop(NULL)}
  0x000002b850b9759c: 0048 be00 | 0000 0000 | 0000 00e9 | 1b00 0000 | 4c8b 8424 | 9800 0000 | 488b 9424 | a000 0000 
  0x000002b850b975bc: ;   {optimized virtual_call}
  0x000002b850b975bc: 6666 90e8 

  0x000002b850b975c0: ; ImmutableOopMap {[152]=Oop [160]=Oop [176]=Oop [216]=Oop }
                      ;*invokevirtual findLoadedClass0 {reexecute=0 rethrow=0 return_oop=0}
                      ; - java.lang.ClassLoader::findLoadedClass@11 (line 1286)
                      ; - jdk.internal.loader.BuiltinClassLoader::loadClassOrNull@10 (line 653)
  0x000002b850b975c0: 7cbc ffff | 488b f048 | 83fe 000f | 8536 0200 | 0048 89b4 | 24b8 0000 | 004c 8b84 | 2498 0000 
  0x000002b850b975e0: 0041 8b48 | 1444 8b49 | 0c41 0fbe | 4810 c1e1 | 18c1 f918 | 41d3 f941 | ffc9 498b | f841 b82e 
  0x000002b850b97600: 0000 0048 

  0x000002b850b97604: ;   {optimized virtual_call}
  0x000002b850b97604: 8bd7 90e8 

  0x000002b850b97608: ; ImmutableOopMap {[152]=Oop [160]=Oop [176]=Oop [184]=Oop [216]=Oop }
                      ;*invokevirtual lastIndexOf {reexecute=0 rethrow=0 return_oop=0}
                      ; - java.lang.String::lastIndexOf@8 (line 2462)
                      ; - jdk.internal.loader.BuiltinClassLoader::findLoadedModule@3 (line 709)
                      ; - jdk.internal.loader.BuiltinClassLoader::loadClassOrNull@22 (line 658)
  0x000002b850b97608: 3480 edff | 83f8 000f | 8d0f 0000 

  0x000002b850b97614: ;   {oop(NULL)}
  0x000002b850b97614: 0048 be00 | 0000 0000 | 0000 00e9 | 6900 0000 | 41b8 0000 | 0000 4c8b | c848 8b94 | 2498 0000 
  0x000002b850b97634: ;   {optimized virtual_call}
  0x000002b850b97634: 0066 90e8 

  0x000002b850b97638: ; ImmutableOopMap {[152]=Oop [160]=Oop [176]=Oop [184]=Oop [216]=Oop }
                      ;*invokevirtual substring {reexecute=0 rethrow=0 return_oop=0}
                      ; - jdk.internal.loader.BuiltinClassLoader::findLoadedModule@16 (line 713)
                      ; - jdk.internal.loader.BuiltinClassLoader::loadClassOrNull@22 (line 658)
  0x000002b850b97638: 2404 e0ff 

  0x000002b850b9763c: ;   {oop(a 'java/util/concurrent/ConcurrentHashMap'{0x0000000081703970})}
  0x000002b850b9763c: 4c8b c048 | ba70 3970 | 8100 0000 | 0066 0f1f 

  0x000002b850b9764c: ;   {optimized virtual_call}
  0x000002b850b9764c: 4400 00e8 

  0x000002b850b97650: ; ImmutableOopMap {[152]=Oop [160]=Oop [176]=Oop [184]=Oop [216]=Oop }
                      ;*invokeinterface get {reexecute=0 rethrow=0 return_oop=0}
                      ; - jdk.internal.loader.BuiltinClassLoader::findLoadedModule@24 (line 714)
                      ; - jdk.internal.loader.BuiltinClassLoader::loadClassOrNull@22 (line 658)
  0x000002b850b97650: ccc5 d5ff | 4883 f800 | 0f84 2900 

  0x000002b850b9765c: ;   {metadata('jdk/internal/loader/BuiltinClassLoader$LoadedModule')}
  0x000002b850b9765c: 0000 48be | b0da 1700 | 0800 0000 | 448b 4808 | 49ba 0000 | 0000 0800 | 0000 4d03 | ca49 3bf1 
  0x000002b850b9767c: 0f85 fe02 | 0000 e900 | 0000 004c | 8bc0 498b | f048 83fe | 0048 8b94 | 24a0 0000 | 000f 849d 
  0x000002b850b9769c: 0000 008b | 7e0c 483b | fa0f 8561 

  0x000002b850b976a8: ;   {oop(a 'java/lang/Class'{0x00000000816f0c58} = 'jdk/internal/misc/VM')}
  0x000002b850b976a8: 0000 0049 | b858 0c6f | 8100 0000 | 0045 8b80 | 9400 0000 | 4183 f802 | 41b8 0000 | 0000 0f8c 
  0x000002b850b976c8: 0600 0000 | 41b8 0100 | 0000 4183 | e001 4183 | f800 0f85 | 0d00 0000 | 488b b424 | b800 0000 
  0x000002b850b976e8: e91a 0100 | 004c 8b84 | 2498 0000 | 004c 8bce | 488b f248 

  0x000002b850b976fc: ;   {optimized virtual_call}
  0x000002b850b976fc: 8bd6 90e8 

  0x000002b850b97700: ; ImmutableOopMap {[160]=Oop [176]=Oop [216]=Oop }
                      ;*invokevirtual defineClass {reexecute=0 rethrow=0 return_oop=0}
                      ; - jdk.internal.loader.BuiltinClassLoader::findClassInModuleOrNull@9 (line 741)
                      ; - jdk.internal.loader.BuiltinClassLoader::loadClassOrNull@55 (line 665)
  0x000002b850b97700: fcc9 c6ff | 488b f0e9 | fb00 0000 

  0x000002b850b9770c: ; implicit exception: dispatches to 0x000002b850b9798e
  0x000002b850b9770c: 483b 074c | 8b84 2498 | 0000 0041 | b900 0000 | 0048 8bd7 | 0f1f 4400 | 0048 b8ff | ffff ffff 
  0x000002b850b9772c: ;   {virtual_call}
  0x000002b850b9772c: ffff ffe8 

  0x000002b850b97730: ; ImmutableOopMap {[160]=Oop [176]=Oop [216]=Oop }
                      ;*invokevirtual loadClassOrNull {reexecute=0 rethrow=0 return_oop=0}
                      ; - jdk.internal.loader.BuiltinClassLoader::loadClassOrNull@3 (line 700)
                      ; - jdk.internal.loader.BuiltinClassLoader::loadClassOrNull@66 (line 669)
  0x000002b850b97730: ac9a c6ff | 488b f0e9 | cb00 0000 | 8b72 5448 | 83fe 000f | 850d 0000 | 0048 8bb4 | 24b8 0000 
  0x000002b850b97750: 00e9 2900 | 0000 483b | 064c 8b84 | 2498 0000 | 0041 b900 | 0000 0048 | 8bd6 6666 | 9048 b8b8 
  0x000002b850b97770: a906 0008 

  0x000002b850b97774: ;   {virtual_call}
  0x000002b850b97774: 0000 00e8 

  0x000002b850b97778: ; ImmutableOopMap {[152]=Oop [160]=Oop [176]=Oop [216]=Oop }
                      ;*invokevirtual loadClassOrNull {reexecute=0 rethrow=0 return_oop=0}
                      ; - jdk.internal.loader.BuiltinClassLoader::loadClassOrNull@3 (line 700)
                      ; - jdk.internal.loader.BuiltinClassLoader::loadClassOrNull@86 (line 676)
  0x000002b850b97778: a49a c6ff | 488b f048 | 83fe 000f | 857e 0000 | 0048 8b94 | 24a0 0000 | 0044 8b42 | 5849 83f8 
  0x000002b850b97798: 0041 b800 | 0000 000f | 8406 0000 | 0041 b801 | 0000 0041 | 83e0 0141 | 83f8 000f | 844e 0000 
  0x000002b850b977b8: ;   {oop(a 'java/lang/Class'{0x00000000816f0c58} = 'jdk/internal/misc/VM')}
  0x000002b850b977b8: 0049 b858 | 0c6f 8100 | 0000 0045 | 8b80 9400 | 0000 4183 | f802 41b8 | 0000 0000 | 0f8c 0600 
  0x000002b850b977d8: 0000 41b8 | 0100 0000 | 4183 e001 | 4183 f800 | 0f84 1900 | 0000 4c8b | 8424 9800 | 0000 488b 
  0x000002b850b977f8: f248 8bd6 

  0x000002b850b977fc: ;   {optimized virtual_call}
  0x000002b850b977fc: 6666 90e8 

  0x000002b850b97800: ; ImmutableOopMap {[160]=Oop [176]=Oop [216]=Oop }
                      ;*invokevirtual findClassOnClassPathOrNull {reexecute=0 rethrow=0 return_oop=0}
                      ; - jdk.internal.loader.BuiltinClassLoader::loadClassOrNull@111 (line 681)
  0x000002b850b97800: d302 0000 | 488b f044 | 8b8c 24a8 | 0000 0041 | 83f9 000f | 8414 0000 | 0048 83fe | 000f 840a 
  0x000002b850b97820: 0000 0048 | 83fe 000f | 8443 0000 | 0048 8d84 | 24d0 0000 | 0048 8b10 | 4885 d20f | 840f 0000 
  0x000002b850b97840: 0048 8b78 | 08f0 480f | b117 0f85 | 4801 0000 | 49ff 8f78 | 0400 0048 | 8bc6 4881 | c4f0 0000 
  0x000002b850b97860: ;   {poll_return}
  0x000002b850b97860: 005d 493b | a778 0300 | 000f 873f | 0100 00c3 | 4889 b424 | c800 0000 

  0x000002b850b97878: ;   {metadata('java/lang/NullPointerException')}
  0x000002b850b97878: 48ba c0da | 0600 0800 | 0000 498b | 87f8 0000 | 0048 8d78 | 3049 3bbf | 0801 0000 | 0f87 2a01 
  0x000002b850b97898: 0000 4989 | bff8 0000 | 0048 c700 | 0100 0000 | 488b ca49 | ba00 0000 | 0008 0000 | 0049 2bca 
  0x000002b850b978b8: 8948 0848 | 33c9 8948 | 0c48 33c9 | 4889 4810 | 4889 4818 | 4889 4820 | 4889 4828 | 488b d048 
  0x000002b850b978d8: 8984 24c0 

  0x000002b850b978dc: ;   {optimized virtual_call}
  0x000002b850b978dc: 0000 00e8 

  0x000002b850b978e0: ; ImmutableOopMap {[176]=Oop [192]=Oop [200]=Oop [216]=Oop }
                      ;*invokespecial <init> {reexecute=0 rethrow=0 return_oop=0}
                      ; - java.lang.ClassLoader::resolveClass@8 (line 1224)
                      ; - jdk.internal.loader.BuiltinClassLoader::loadClassOrNull@128 (line 688)
  0x000002b850b978e0: 1cc8 c6ff | 488b 8424 

  0x000002b850b978e8: ; ImmutableOopMap {rax=Oop [176]=Oop [200]=Oop [216]=Oop }
                      ;*athrow {reexecute=1 rethrow=0 return_oop=0}
                      ; - (reexecute) java.lang.ClassLoader::resolveClass@11 (line 1224)
                      ; - jdk.internal.loader.BuiltinClassLoader::loadClassOrNull@128 (line 688)
  0x000002b850b978e8: c000 0000 

  0x000002b850b978ec: ;   {section_word}
  0x000002b850b978ec: 48ba ec78 | b950 b802 

  0x000002b850b978f4: ;   {runtime_call handle_exception_nofpu Runtime1 stub}
  0x000002b850b978f4: 0000 e805 | b7d2 ff90 | 498b 8728 | 0400 004d | 33d2 4d89 | 9728 0400 | 004d 33d2 | 4d89 9730 
  0x000002b850b97914: 0400 0048 | 8bf0 488d | 8424 d000 | 0000 488b | 3848 85ff | 0f84 0f00 | 0000 488b | 5808 f048 
  0x000002b850b97934: 0fb1 3b0f | 8594 0000 | 0049 ff8f | 7804 0000 | 488b c6e9 | b800 0000 

  0x000002b850b9794c: ;   {runtime_call fast_new_instance Runtime1 stub}
  0x000002b850b9794c: 488b d2e8 

  0x000002b850b97950: ; ImmutableOopMap {r8=Oop rbx=Oop [152]=Oop [160]=Oop }
                      ;*new {reexecute=0 rethrow=0 return_oop=0}
                      ; - java.lang.ClassLoader::getClassLoadingLock@9 (line 666)
                      ; - jdk.internal.loader.BuiltinClassLoader::loadClassOrNull@2 (line 651)
  0x000002b850b97950: 2ca2 d2ff | e9a7 fbff 

  0x000002b850b97958: ;   {runtime_call throw_null_pointer_exception Runtime1 stub}
  0x000002b850b97958: ffe8 2299 

  0x000002b850b9795c: ; ImmutableOopMap {r8=Oop rbx=Oop rax=Oop [152]=Oop [160]=Oop }
                      ;*invokevirtual putIfAbsent {reexecute=0 rethrow=0 return_oop=0}
                      ; - java.lang.ClassLoader::getClassLoadingLock@23 (line 667)
                      ; - jdk.internal.loader.BuiltinClassLoader::loadClassOrNull@2 (line 651)
                      ;   {runtime_call throw_null_pointer_exception Runtime1 stub}
  0x000002b850b9795c: d2ff e81d 

  0x000002b850b97960: ; ImmutableOopMap {rsi=Oop [152]=Oop [160]=Oop }
                      ;*monitorenter {reexecute=0 rethrow=0 return_oop=0}
                      ; - jdk.internal.loader.BuiltinClassLoader::loadClassOrNull@7 (line 651)
  0x000002b850b97960: 99d2 ff48 | 8974 2408 | 4889 1424 

  0x000002b850b9796c: ;   {runtime_call monitorenter_nofpu Runtime1 stub}
  0x000002b850b9796c: e88f d3d2 

  0x000002b850b97970: ; ImmutableOopMap {rsi=Oop [152]=Oop [160]=Oop [216]=Oop }
                      ;*monitorenter {reexecute=0 rethrow=0 return_oop=0}
                      ; - jdk.internal.loader.BuiltinClassLoader::loadClassOrNull@7 (line 651)
  0x000002b850b97970: ffe9 05fc 

  0x000002b850b97974: ;   {runtime_call throw_null_pointer_exception Runtime1 stub}
  0x000002b850b97974: ffff e805 

  0x000002b850b97978: ; ImmutableOopMap {r8=Oop [152]=Oop [160]=Oop [176]=Oop [184]=Oop [216]=Oop }
                      ;*invokevirtual lastIndexOf {reexecute=0 rethrow=0 return_oop=0}
                      ; - jdk.internal.loader.BuiltinClassLoader::findLoadedModule@3 (line 709)
                      ; - jdk.internal.loader.BuiltinClassLoader::loadClassOrNull@22 (line 658)
                      ;   {runtime_call throw_null_pointer_exception Runtime1 stub}
  0x000002b850b97978: 99d2 ffe8 

  0x000002b850b9797c: ; ImmutableOopMap {r8=Oop [152]=Oop [160]=Oop [176]=Oop [184]=Oop [216]=Oop }
                      ;*arraylength {reexecute=0 rethrow=0 return_oop=0}
                      ; - java.lang.String::length@4 (line 1499)
                      ; - java.lang.String::lastIndexOf@3 (line 2462)
                      ; - jdk.internal.loader.BuiltinClassLoader::findLoadedModule@3 (line 709)
                      ; - jdk.internal.loader.BuiltinClassLoader::loadClassOrNull@22 (line 658)
  0x000002b850b9797c: 0099 d2ff | 4889 0424 

  0x000002b850b97984: ;   {runtime_call throw_class_cast_exception Runtime1 stub}
  0x000002b850b97984: e877 c7d2 

  0x000002b850b97988: ; ImmutableOopMap {[152]=Oop [160]=Oop [176]=Oop [184]=Oop [216]=Oop }
                      ;*checkcast {reexecute=0 rethrow=0 return_oop=0}
                      ; - jdk.internal.loader.BuiltinClassLoader::findLoadedModule@29 (line 714)
                      ; - jdk.internal.loader.BuiltinClassLoader::loadClassOrNull@22 (line 658)
                      ;   {runtime_call throw_null_pointer_exception Runtime1 stub}
  0x000002b850b97988: ffe8 f298 

  0x000002b850b9798c: ; ImmutableOopMap {rsi=Oop rdx=Oop [152]=Oop [160]=Oop [176]=Oop [184]=Oop [216]=Oop }
                      ;*invokevirtual loader {reexecute=0 rethrow=0 return_oop=0}
                      ; - jdk.internal.loader.BuiltinClassLoader::loadClassOrNull@34 (line 662)
                      ;   {runtime_call throw_null_pointer_exception Runtime1 stub}
  0x000002b850b9798c: d2ff e8ed 

  0x000002b850b97990: ; ImmutableOopMap {rdi=Oop [152]=Oop [160]=Oop [176]=Oop [216]=Oop }
                      ;*invokevirtual loadClassOrNull {reexecute=0 rethrow=0 return_oop=0}
                      ; - jdk.internal.loader.BuiltinClassLoader::loadClassOrNull@66 (line 669)
                      ;   {runtime_call throw_null_pointer_exception Runtime1 stub}
  0x000002b850b97990: 98d2 ffe8 

  0x000002b850b97994: ; ImmutableOopMap {rsi=Oop [152]=Oop [160]=Oop [176]=Oop [216]=Oop }
                      ;*invokevirtual loadClassOrNull {reexecute=0 rethrow=0 return_oop=0}
                      ; - jdk.internal.loader.BuiltinClassLoader::loadClassOrNull@86 (line 676)
  0x000002b850b97994: e898 d2ff | 488d 8424 | d000 0000 | 4889 0424 

  0x000002b850b979a4: ;   {runtime_call monitorexit_nofpu Runtime1 stub}
  0x000002b850b979a4: e857 d9d2 | ffe9 a9fe 

  0x000002b850b979ac: ;   {internal_word}
  0x000002b850b979ac: ffff 49ba | 6278 b950 | b802 0000 | 4d89 9790 

  0x000002b850b979bc: ;   {runtime_call SafepointBlob}
  0x000002b850b979bc: 0300 00e9 | bc33 c7ff 

  0x000002b850b979c4: ;   {runtime_call fast_new_instance Runtime1 stub}
  0x000002b850b979c4: 488b d2e8 

  0x000002b850b979c8: ; ImmutableOopMap {[176]=Oop [200]=Oop [216]=Oop }
                      ;*new {reexecute=0 rethrow=0 return_oop=0}
                      ; - java.lang.ClassLoader::resolveClass@4 (line 1224)
                      ; - jdk.internal.loader.BuiltinClassLoader::loadClassOrNull@128 (line 688)
  0x000002b850b979c8: b4a1 d2ff | e903 ffff | ff48 8d84 | 24d0 0000 | 0048 8904 

  0x000002b850b979dc: ;   {runtime_call monitorexit_nofpu Runtime1 stub}
  0x000002b850b979dc: 24e8 1ed9 | d2ff e95d | ffff ff49 | 8b87 2804 | 0000 49c7 | 8728 0400 | 0000 0000 | 0049 c787 
  0x000002b850b979fc: 3004 0000 | 0000 0000 | 4881 c4f0 | 0000 005d 

  0x000002b850b97a0c: ;   {runtime_call unwind_exception Runtime1 stub}
  0x000002b850b97a0c: e9ef 84d2 | fff4 f4f4 | f4f4 f4f4 
[Stub Code]
  0x000002b850b97a18: ;   {no_reloc}
  0x000002b850b97a18: 0f1f 4400 

  0x000002b850b97a1c: ;   {static_stub}
  0x000002b850b97a1c: 0048 bb00 | 0000 0000 

  0x000002b850b97a24: ;   {runtime_call}
  0x000002b850b97a24: 0000 00e9 | fbff ffff 

  0x000002b850b97a2c: ;   {static_stub}
  0x000002b850b97a2c: 9048 bb00 | 0000 0000 

  0x000002b850b97a34: ;   {runtime_call}
  0x000002b850b97a34: 0000 00e9 | fbff ffff 

  0x000002b850b97a3c: ;   {static_stub}
  0x000002b850b97a3c: 9048 bb00 | 0000 0000 

  0x000002b850b97a44: ;   {runtime_call}
  0x000002b850b97a44: 0000 00e9 | fbff ffff 
[Exception Handler]
  0x000002b850b97a4c: ;   {runtime_call handle_exception_from_callee Runtime1 stub}
  0x000002b850b97a4c: e8af c0d2 

  0x000002b850b97a50: ;   {external_word}
  0x000002b850b97a50: ff48 b9b0 | 2383 31fc | 7f00 0048 

  0x000002b850b97a5c: ;   {runtime_call}
  0x000002b850b97a5c: 83e4 f048 | b820 164f | 31fc 7f00 | 00ff d0f4 
[Deopt Handler Code]
  0x000002b850b97a6c: ;   {section_word}
  0x000002b850b97a6c: 49ba 6c7a | b950 b802 | 0000 4152 

  0x000002b850b97a78: ;   {runtime_call DeoptimizationBlob}
  0x000002b850b97a78: e9a3 25c7 

  0x000002b850b97a7c: ;   {static_stub}
  0x000002b850b97a7c: ff48 bb00 | 0000 0000 

  0x000002b850b97a84: ;   {runtime_call}
  0x000002b850b97a84: 0000 00e9 | fbff ffff 

  0x000002b850b97a8c: ;   {static_stub}
  0x000002b850b97a8c: 48bb 0000 | 0000 0000 

  0x000002b850b97a94: ;   {runtime_call}
  0x000002b850b97a94: 0000 e9fb 

  0x000002b850b97a98: ;   {static_stub}
  0x000002b850b97a98: ffff ff48 | bb00 0000 | 0000 0000 

  0x000002b850b97aa4: ;   {runtime_call}
  0x000002b850b97aa4: 00e9 fbff 

  0x000002b850b97aa8: ;   {static_stub}
  0x000002b850b97aa8: ffff 48bb | 0000 0000 | 0000 0000 

  0x000002b850b97ab4: ;   {runtime_call}
  0x000002b850b97ab4: e9fb ffff 

  0x000002b850b97ab8: ;   {static_stub}
  0x000002b850b97ab8: ff48 bb00 | 0000 0000 

  0x000002b850b97ac0: ;   {runtime_call}
  0x000002b850b97ac0: 0000 00e9 | fbff ffff 

  0x000002b850b97ac8: ;   {static_stub}
  0x000002b850b97ac8: 48bb 0000 | 0000 0000 

  0x000002b850b97ad0: ;   {runtime_call}
  0x000002b850b97ad0: 0000 e9fb 

  0x000002b850b97ad4: ;   {static_stub}
  0x000002b850b97ad4: ffff ff48 | bbc0 9e06 | 0008 0000 

  0x000002b850b97ae0: ;   {runtime_call I2C/C2I adapters}
  0x000002b850b97ae0: 00e9 711d 

  0x000002b850b97ae4: ;   {static_stub}
  0x000002b850b97ae4: c7ff 48bb | 0000 0000 | 0000 0000 

  0x000002b850b97af0: ;   {runtime_call}
  0x000002b850b97af0: e9fb ffff | fff4 f4f4 
[/MachCode]


---------------  P R O C E S S  ---------------

Threads class SMR info:
_java_thread_list=0x000002b85d18a220, length=16, elements={
0x000002b8486f3510, 0x000002b858603e10, 0x000002b858605a20, 0x000002b858606620,
0x000002b858609230, 0x000002b85860ab80, 0x000002b85860b4c0, 0x000002b85860be00,
0x000002b85c81fd00, 0x000002b85c8b1d00, 0x000002b85cb0bc70, 0x000002b85cb139d0,
0x000002b85d0021f0, 0x000002b85d0116e0, 0x000002b85cf94fb0, 0x000002b85d0ec400
}

Java Threads: ( => current thread )
=>0x000002b8486f3510 JavaThread "main" [_thread_in_vm, id=11504, stack(0x000000c02fc00000,0x000000c02fd00000)]
  0x000002b858603e10 JavaThread "Reference Handler" daemon [_thread_blocked, id=8296, stack(0x000000c030400000,0x000000c030500000)]
  0x000002b858605a20 JavaThread "Finalizer" daemon [_thread_blocked, id=9100, stack(0x000000c030500000,0x000000c030600000)]
  0x000002b858606620 JavaThread "Signal Dispatcher" daemon [_thread_blocked, id=11680, stack(0x000000c030600000,0x000000c030700000)]
  0x000002b858609230 JavaThread "Attach Listener" daemon [_thread_blocked, id=8840, stack(0x000000c030700000,0x000000c030800000)]
  0x000002b85860ab80 JavaThread "Service Thread" daemon [_thread_blocked, id=2884, stack(0x000000c030800000,0x000000c030900000)]
  0x000002b85860b4c0 JavaThread "Monitor Deflation Thread" daemon [_thread_blocked, id=1736, stack(0x000000c030900000,0x000000c030a00000)]
  0x000002b85860be00 JavaThread "C1 CompilerThread0" daemon [_thread_blocked, id=4588, stack(0x000000c030a00000,0x000000c030b00000)]
  0x000002b85c81fd00 JavaThread "Common-Cleaner" daemon [_thread_blocked, id=2096, stack(0x000000c030b00000,0x000000c030c00000)]
  0x000002b85c8b1d00 JavaThread "C1 CompilerThread1" daemon [_thread_blocked, id=11976, stack(0x000000c030c00000,0x000000c030d00000)]
  0x000002b85cb0bc70 JavaThread "Monitor Ctrl-Break" daemon [_thread_in_native, id=8212, stack(0x000000c030d00000,0x000000c030e00000)]
  0x000002b85cb139d0 JavaThread "Notification Thread" daemon [_thread_blocked, id=8404, stack(0x000000c030e00000,0x000000c030f00000)]
  0x000002b85d0021f0 JavaThread "C1 CompilerThread2" daemon [_thread_blocked, id=3176, stack(0x000000c031100000,0x000000c031200000)]
  0x000002b85d0116e0 JavaThread "RMI TCP Accept-0" daemon [_thread_in_native, id=8300, stack(0x000000c031200000,0x000000c031300000)]
  0x000002b85cf94fb0 JavaThread "RMI TCP Connection(1)-192.168.8.100" daemon [_thread_in_native, id=9684, stack(0x000000c031a00000,0x000000c031b00000)]
  0x000002b85d0ec400 JavaThread "RMI Scheduler(0)" daemon [_thread_blocked, id=660, stack(0x000000c031b00000,0x000000c031c00000)]

Other Threads:
  0x000002b8585e6b20 VMThread "VM Thread" [stack: 0x000000c030200000,0x000000c030300000] [id=5216]
  0x000002b85d061a80 WatcherThread "VM Periodic Task Thread" [stack: 0x000000c031300000,0x000000c031400000] [id=1184]
  0x000002b8487521b0 WorkerThread "GC Thread#0" [stack: 0x000000c02fd00000,0x000000c02fe00000] [id=6532]
  0x000002b85d0ac720 WorkerThread "GC Thread#1" [stack: 0x000000c031500000,0x000000c031600000] [id=8060]
  0x000002b85d0ac9f0 WorkerThread "GC Thread#2" [stack: 0x000000c031600000,0x000000c031700000] [id=8372]
  0x000002b85d0c6b70 WorkerThread "GC Thread#3" [stack: 0x000000c031700000,0x000000c031800000] [id=4356]
  0x000002b848762fa0 ConcurrentGCThread "G1 Main Marker" [stack: 0x000000c02fe00000,0x000000c02ff00000] [id=9420]
  0x000002b8487639d0 WorkerThread "G1 Conc#0" [stack: 0x000000c02ff00000,0x000000c030000000] [id=6708]
  0x000002b8487ae4d0 ConcurrentGCThread "G1 Refine#0" [stack: 0x000000c030000000,0x000000c030100000] [id=4592]
  0x000002b85849b510 ConcurrentGCThread "G1 Service" [stack: 0x000000c030100000,0x000000c030200000] [id=7864]

Threads with active compile tasks:

VM state: not at safepoint (normal execution)

VM Mutex/Monitor currently owned by a thread:  ([mutex/lock_event])
[0x000002b8486ec590] Metaspace_lock - owner thread: 0x000002b8486f3510

Heap address: 0x0000000081600000, size: 2026 MB, Compressed Oops mode: 32-bit

CDS archive(s) mapped at: [0x0000000800000000-0x0000000800c60000-0x0000000800c60000), size 12976128, SharedBaseAddress: 0x0000000800000000, ArchiveRelocationMode: 0.
Compressed class space mapped at: 0x0000000801000000-0x0000000841000000, reserved size: 1073741824
Narrow klass base: 0x0000000800000000, Narrow klass shift: 0, Narrow klass range: 0x100000000

GC Precious Log:
 CardTable entry size: 512
 Card Set container configuration: InlinePtr #cards 5 size 8 Array Of Cards #cards 12 size 40 Howl #buckets 4 coarsen threshold 1843 Howl Bitmap #cards 512 size 80 coarsen threshold 460 Card regions per heap region 1 cards per card region 2048
 CPUs: 4 total, 4 available
 Memory: 8096M
 Large Page Support: Disabled
 NUMA Support: Disabled
 Compressed Oops: Enabled (32-bit)
 Heap Region Size: 1M
 Heap Min Capacity: 8M
 Heap Initial Capacity: 128M
 Heap Max Capacity: 2026M
 Pre-touch: Disabled
 Parallel Workers: 4
 Concurrent Workers: 1
 Concurrent Refinement Workers: 4
 Periodic GC: Disabled

Heap:
 garbage-first heap   total 131072K, used 8576K [0x0000000081600000, 0x0000000100000000)
  region size 1024K, 7 young (7168K), 2 survivors (2048K)
 Metaspace       used 6945K, committed 7168K, reserved 1114112K
  class space    used 850K, committed 960K, reserved 1048576K

Heap Regions: E=young(eden), S=young(survivor), O=old, HS=humongous(starts), HC=humongous(continues), CS=collection set, F=free, OA=open archive, CA=closed archive, TAMS=top-at-mark-start, PB=parsable bottom
|   0|0x0000000081600000, 0x0000000081700000, 0x0000000081700000|100%| O|  |TAMS 0x0000000081600000| PB 0x0000000081600000| Untracked 
|   1|0x0000000081700000, 0x0000000081800000, 0x0000000081800000|100%| O|  |TAMS 0x0000000081700000| PB 0x0000000081700000| Untracked 
|   2|0x0000000081800000, 0x0000000081860000, 0x0000000081900000| 37%| O|  |TAMS 0x0000000081800000| PB 0x0000000081800000| Untracked 
|   3|0x0000000081900000, 0x0000000081900000, 0x0000000081a00000|  0%| F|  |TAMS 0x0000000081900000| PB 0x0000000081900000| Untracked 
|   4|0x0000000081a00000, 0x0000000081a00000, 0x0000000081b00000|  0%| F|  |TAMS 0x0000000081a00000| PB 0x0000000081a00000| Untracked 
|   5|0x0000000081b00000, 0x0000000081b00000, 0x0000000081c00000|  0%| F|  |TAMS 0x0000000081b00000| PB 0x0000000081b00000| Untracked 
|   6|0x0000000081c00000, 0x0000000081c00000, 0x0000000081d00000|  0%| F|  |TAMS 0x0000000081c00000| PB 0x0000000081c00000| Untracked 
|   7|0x0000000081d00000, 0x0000000081d00000, 0x0000000081e00000|  0%| F|  |TAMS 0x0000000081d00000| PB 0x0000000081d00000| Untracked 
|   8|0x0000000081e00000, 0x0000000081e00000, 0x0000000081f00000|  0%| F|  |TAMS 0x0000000081e00000| PB 0x0000000081e00000| Untracked 
|   9|0x0000000081f00000, 0x0000000081f00000, 0x0000000082000000|  0%| F|  |TAMS 0x0000000081f00000| PB 0x0000000081f00000| Untracked 
|  10|0x0000000082000000, 0x0000000082000000, 0x0000000082100000|  0%| F|  |TAMS 0x0000000082000000| PB 0x0000000082000000| Untracked 
|  11|0x0000000082100000, 0x0000000082100000, 0x0000000082200000|  0%| F|  |TAMS 0x0000000082100000| PB 0x0000000082100000| Untracked 
|  12|0x0000000082200000, 0x0000000082200000, 0x0000000082300000|  0%| F|  |TAMS 0x0000000082200000| PB 0x0000000082200000| Untracked 
|  13|0x0000000082300000, 0x0000000082300000, 0x0000000082400000|  0%| F|  |TAMS 0x0000000082300000| PB 0x0000000082300000| Untracked 
|  14|0x0000000082400000, 0x0000000082400000, 0x0000000082500000|  0%| F|  |TAMS 0x0000000082400000| PB 0x0000000082400000| Untracked 
|  15|0x0000000082500000, 0x0000000082500000, 0x0000000082600000|  0%| F|  |TAMS 0x0000000082500000| PB 0x0000000082500000| Untracked 
|  16|0x0000000082600000, 0x0000000082600000, 0x0000000082700000|  0%| F|  |TAMS 0x0000000082600000| PB 0x0000000082600000| Untracked 
|  17|0x0000000082700000, 0x0000000082700000, 0x0000000082800000|  0%| F|  |TAMS 0x0000000082700000| PB 0x0000000082700000| Untracked 
|  18|0x0000000082800000, 0x0000000082800000, 0x0000000082900000|  0%| F|  |TAMS 0x0000000082800000| PB 0x0000000082800000| Untracked 
|  19|0x0000000082900000, 0x0000000082900000, 0x0000000082a00000|  0%| F|  |TAMS 0x0000000082900000| PB 0x0000000082900000| Untracked 
|  20|0x0000000082a00000, 0x0000000082a00000, 0x0000000082b00000|  0%| F|  |TAMS 0x0000000082a00000| PB 0x0000000082a00000| Untracked 
|  21|0x0000000082b00000, 0x0000000082b00000, 0x0000000082c00000|  0%| F|  |TAMS 0x0000000082b00000| PB 0x0000000082b00000| Untracked 
|  22|0x0000000082c00000, 0x0000000082c00000, 0x0000000082d00000|  0%| F|  |TAMS 0x0000000082c00000| PB 0x0000000082c00000| Untracked 
|  23|0x0000000082d00000, 0x0000000082d00000, 0x0000000082e00000|  0%| F|  |TAMS 0x0000000082d00000| PB 0x0000000082d00000| Untracked 
|  24|0x0000000082e00000, 0x0000000082e00000, 0x0000000082f00000|  0%| F|  |TAMS 0x0000000082e00000| PB 0x0000000082e00000| Untracked 
|  25|0x0000000082f00000, 0x0000000082f00000, 0x0000000083000000|  0%| F|  |TAMS 0x0000000082f00000| PB 0x0000000082f00000| Untracked 
|  26|0x0000000083000000, 0x0000000083000000, 0x0000000083100000|  0%| F|  |TAMS 0x0000000083000000| PB 0x0000000083000000| Untracked 
|  27|0x0000000083100000, 0x0000000083100000, 0x0000000083200000|  0%| F|  |TAMS 0x0000000083100000| PB 0x0000000083100000| Untracked 
|  28|0x0000000083200000, 0x0000000083200000, 0x0000000083300000|  0%| F|  |TAMS 0x0000000083200000| PB 0x0000000083200000| Untracked 
|  29|0x0000000083300000, 0x0000000083300000, 0x0000000083400000|  0%| F|  |TAMS 0x0000000083300000| PB 0x0000000083300000| Untracked 
|  30|0x0000000083400000, 0x0000000083400000, 0x0000000083500000|  0%| F|  |TAMS 0x0000000083400000| PB 0x0000000083400000| Untracked 
|  31|0x0000000083500000, 0x0000000083500000, 0x0000000083600000|  0%| F|  |TAMS 0x0000000083500000| PB 0x0000000083500000| Untracked 
|  32|0x0000000083600000, 0x0000000083600000, 0x0000000083700000|  0%| F|  |TAMS 0x0000000083600000| PB 0x0000000083600000| Untracked 
|  33|0x0000000083700000, 0x0000000083700000, 0x0000000083800000|  0%| F|  |TAMS 0x0000000083700000| PB 0x0000000083700000| Untracked 
|  34|0x0000000083800000, 0x0000000083800000, 0x0000000083900000|  0%| F|  |TAMS 0x0000000083800000| PB 0x0000000083800000| Untracked 
|  35|0x0000000083900000, 0x0000000083900000, 0x0000000083a00000|  0%| F|  |TAMS 0x0000000083900000| PB 0x0000000083900000| Untracked 
|  36|0x0000000083a00000, 0x0000000083a00000, 0x0000000083b00000|  0%| F|  |TAMS 0x0000000083a00000| PB 0x0000000083a00000| Untracked 
|  37|0x0000000083b00000, 0x0000000083b00000, 0x0000000083c00000|  0%| F|  |TAMS 0x0000000083b00000| PB 0x0000000083b00000| Untracked 
|  38|0x0000000083c00000, 0x0000000083c00000, 0x0000000083d00000|  0%| F|  |TAMS 0x0000000083c00000| PB 0x0000000083c00000| Untracked 
|  39|0x0000000083d00000, 0x0000000083d00000, 0x0000000083e00000|  0%| F|  |TAMS 0x0000000083d00000| PB 0x0000000083d00000| Untracked 
|  40|0x0000000083e00000, 0x0000000083e00000, 0x0000000083f00000|  0%| F|  |TAMS 0x0000000083e00000| PB 0x0000000083e00000| Untracked 
|  41|0x0000000083f00000, 0x0000000083f00000, 0x0000000084000000|  0%| F|  |TAMS 0x0000000083f00000| PB 0x0000000083f00000| Untracked 
|  42|0x0000000084000000, 0x0000000084000000, 0x0000000084100000|  0%| F|  |TAMS 0x0000000084000000| PB 0x0000000084000000| Untracked 
|  43|0x0000000084100000, 0x0000000084100000, 0x0000000084200000|  0%| F|  |TAMS 0x0000000084100000| PB 0x0000000084100000| Untracked 
|  44|0x0000000084200000, 0x0000000084200000, 0x0000000084300000|  0%| F|  |TAMS 0x0000000084200000| PB 0x0000000084200000| Untracked 
|  45|0x0000000084300000, 0x0000000084300000, 0x0000000084400000|  0%| F|  |TAMS 0x0000000084300000| PB 0x0000000084300000| Untracked 
|  46|0x0000000084400000, 0x0000000084400000, 0x0000000084500000|  0%| F|  |TAMS 0x0000000084400000| PB 0x0000000084400000| Untracked 
|  47|0x0000000084500000, 0x0000000084500000, 0x0000000084600000|  0%| F|  |TAMS 0x0000000084500000| PB 0x0000000084500000| Untracked 
|  48|0x0000000084600000, 0x0000000084600000, 0x0000000084700000|  0%| F|  |TAMS 0x0000000084600000| PB 0x0000000084600000| Untracked 
|  49|0x0000000084700000, 0x0000000084700000, 0x0000000084800000|  0%| F|  |TAMS 0x0000000084700000| PB 0x0000000084700000| Untracked 
|  50|0x0000000084800000, 0x0000000084800000, 0x0000000084900000|  0%| F|  |TAMS 0x0000000084800000| PB 0x0000000084800000| Untracked 
|  51|0x0000000084900000, 0x0000000084900000, 0x0000000084a00000|  0%| F|  |TAMS 0x0000000084900000| PB 0x0000000084900000| Untracked 
|  52|0x0000000084a00000, 0x0000000084a00000, 0x0000000084b00000|  0%| F|  |TAMS 0x0000000084a00000| PB 0x0000000084a00000| Untracked 
|  53|0x0000000084b00000, 0x0000000084b00000, 0x0000000084c00000|  0%| F|  |TAMS 0x0000000084b00000| PB 0x0000000084b00000| Untracked 
|  54|0x0000000084c00000, 0x0000000084c00000, 0x0000000084d00000|  0%| F|  |TAMS 0x0000000084c00000| PB 0x0000000084c00000| Untracked 
|  55|0x0000000084d00000, 0x0000000084d00000, 0x0000000084e00000|  0%| F|  |TAMS 0x0000000084d00000| PB 0x0000000084d00000| Untracked 
|  56|0x0000000084e00000, 0x0000000084e00000, 0x0000000084f00000|  0%| F|  |TAMS 0x0000000084e00000| PB 0x0000000084e00000| Untracked 
|  57|0x0000000084f00000, 0x0000000084f00000, 0x0000000085000000|  0%| F|  |TAMS 0x0000000084f00000| PB 0x0000000084f00000| Untracked 
|  58|0x0000000085000000, 0x0000000085000000, 0x0000000085100000|  0%| F|  |TAMS 0x0000000085000000| PB 0x0000000085000000| Untracked 
|  59|0x0000000085100000, 0x0000000085100000, 0x0000000085200000|  0%| F|  |TAMS 0x0000000085100000| PB 0x0000000085100000| Untracked 
|  60|0x0000000085200000, 0x0000000085200000, 0x0000000085300000|  0%| F|  |TAMS 0x0000000085200000| PB 0x0000000085200000| Untracked 
|  61|0x0000000085300000, 0x0000000085300000, 0x0000000085400000|  0%| F|  |TAMS 0x0000000085300000| PB 0x0000000085300000| Untracked 
|  62|0x0000000085400000, 0x0000000085400000, 0x0000000085500000|  0%| F|  |TAMS 0x0000000085400000| PB 0x0000000085400000| Untracked 
|  63|0x0000000085500000, 0x0000000085500000, 0x0000000085600000|  0%| F|  |TAMS 0x0000000085500000| PB 0x0000000085500000| Untracked 
|  64|0x0000000085600000, 0x0000000085600000, 0x0000000085700000|  0%| F|  |TAMS 0x0000000085600000| PB 0x0000000085600000| Untracked 
|  65|0x0000000085700000, 0x0000000085700000, 0x0000000085800000|  0%| F|  |TAMS 0x0000000085700000| PB 0x0000000085700000| Untracked 
|  66|0x0000000085800000, 0x0000000085800000, 0x0000000085900000|  0%| F|  |TAMS 0x0000000085800000| PB 0x0000000085800000| Untracked 
|  67|0x0000000085900000, 0x0000000085900000, 0x0000000085a00000|  0%| F|  |TAMS 0x0000000085900000| PB 0x0000000085900000| Untracked 
|  68|0x0000000085a00000, 0x0000000085a00000, 0x0000000085b00000|  0%| F|  |TAMS 0x0000000085a00000| PB 0x0000000085a00000| Untracked 
|  69|0x0000000085b00000, 0x0000000085b00000, 0x0000000085c00000|  0%| F|  |TAMS 0x0000000085b00000| PB 0x0000000085b00000| Untracked 
|  70|0x0000000085c00000, 0x0000000085c00000, 0x0000000085d00000|  0%| F|  |TAMS 0x0000000085c00000| PB 0x0000000085c00000| Untracked 
|  71|0x0000000085d00000, 0x0000000085d00000, 0x0000000085e00000|  0%| F|  |TAMS 0x0000000085d00000| PB 0x0000000085d00000| Untracked 
|  72|0x0000000085e00000, 0x0000000085e00000, 0x0000000085f00000|  0%| F|  |TAMS 0x0000000085e00000| PB 0x0000000085e00000| Untracked 
|  73|0x0000000085f00000, 0x0000000085f00000, 0x0000000086000000|  0%| F|  |TAMS 0x0000000085f00000| PB 0x0000000085f00000| Untracked 
|  74|0x0000000086000000, 0x0000000086000000, 0x0000000086100000|  0%| F|  |TAMS 0x0000000086000000| PB 0x0000000086000000| Untracked 
|  75|0x0000000086100000, 0x0000000086100000, 0x0000000086200000|  0%| F|  |TAMS 0x0000000086100000| PB 0x0000000086100000| Untracked 
|  76|0x0000000086200000, 0x0000000086200000, 0x0000000086300000|  0%| F|  |TAMS 0x0000000086200000| PB 0x0000000086200000| Untracked 
|  77|0x0000000086300000, 0x0000000086300000, 0x0000000086400000|  0%| F|  |TAMS 0x0000000086300000| PB 0x0000000086300000| Untracked 
|  78|0x0000000086400000, 0x0000000086400000, 0x0000000086500000|  0%| F|  |TAMS 0x0000000086400000| PB 0x0000000086400000| Untracked 
|  79|0x0000000086500000, 0x0000000086500000, 0x0000000086600000|  0%| F|  |TAMS 0x0000000086500000| PB 0x0000000086500000| Untracked 
|  80|0x0000000086600000, 0x0000000086600000, 0x0000000086700000|  0%| F|  |TAMS 0x0000000086600000| PB 0x0000000086600000| Untracked 
|  81|0x0000000086700000, 0x0000000086700000, 0x0000000086800000|  0%| F|  |TAMS 0x0000000086700000| PB 0x0000000086700000| Untracked 
|  82|0x0000000086800000, 0x0000000086800000, 0x0000000086900000|  0%| F|  |TAMS 0x0000000086800000| PB 0x0000000086800000| Untracked 
|  83|0x0000000086900000, 0x0000000086900000, 0x0000000086a00000|  0%| F|  |TAMS 0x0000000086900000| PB 0x0000000086900000| Untracked 
|  84|0x0000000086a00000, 0x0000000086a00000, 0x0000000086b00000|  0%| F|  |TAMS 0x0000000086a00000| PB 0x0000000086a00000| Untracked 
|  85|0x0000000086b00000, 0x0000000086b00000, 0x0000000086c00000|  0%| F|  |TAMS 0x0000000086b00000| PB 0x0000000086b00000| Untracked 
|  86|0x0000000086c00000, 0x0000000086c00000, 0x0000000086d00000|  0%| F|  |TAMS 0x0000000086c00000| PB 0x0000000086c00000| Untracked 
|  87|0x0000000086d00000, 0x0000000086d00000, 0x0000000086e00000|  0%| F|  |TAMS 0x0000000086d00000| PB 0x0000000086d00000| Untracked 
|  88|0x0000000086e00000, 0x0000000086e00000, 0x0000000086f00000|  0%| F|  |TAMS 0x0000000086e00000| PB 0x0000000086e00000| Untracked 
|  89|0x0000000086f00000, 0x0000000086f00000, 0x0000000087000000|  0%| F|  |TAMS 0x0000000086f00000| PB 0x0000000086f00000| Untracked 
|  90|0x0000000087000000, 0x0000000087000000, 0x0000000087100000|  0%| F|  |TAMS 0x0000000087000000| PB 0x0000000087000000| Untracked 
|  91|0x0000000087100000, 0x0000000087100000, 0x0000000087200000|  0%| F|  |TAMS 0x0000000087100000| PB 0x0000000087100000| Untracked 
|  92|0x0000000087200000, 0x0000000087200000, 0x0000000087300000|  0%| F|  |TAMS 0x0000000087200000| PB 0x0000000087200000| Untracked 
|  93|0x0000000087300000, 0x0000000087300000, 0x0000000087400000|  0%| F|  |TAMS 0x0000000087300000| PB 0x0000000087300000| Untracked 
|  94|0x0000000087400000, 0x0000000087400000, 0x0000000087500000|  0%| F|  |TAMS 0x0000000087400000| PB 0x0000000087400000| Untracked 
|  95|0x0000000087500000, 0x0000000087500000, 0x0000000087600000|  0%| F|  |TAMS 0x0000000087500000| PB 0x0000000087500000| Untracked 
|  96|0x0000000087600000, 0x0000000087600000, 0x0000000087700000|  0%| F|  |TAMS 0x0000000087600000| PB 0x0000000087600000| Untracked 
|  97|0x0000000087700000, 0x0000000087700000, 0x0000000087800000|  0%| F|  |TAMS 0x0000000087700000| PB 0x0000000087700000| Untracked 
|  98|0x0000000087800000, 0x0000000087800000, 0x0000000087900000|  0%| F|  |TAMS 0x0000000087800000| PB 0x0000000087800000| Untracked 
|  99|0x0000000087900000, 0x0000000087900000, 0x0000000087a00000|  0%| F|  |TAMS 0x0000000087900000| PB 0x0000000087900000| Untracked 
| 100|0x0000000087a00000, 0x0000000087a00000, 0x0000000087b00000|  0%| F|  |TAMS 0x0000000087a00000| PB 0x0000000087a00000| Untracked 
| 101|0x0000000087b00000, 0x0000000087b00000, 0x0000000087c00000|  0%| F|  |TAMS 0x0000000087b00000| PB 0x0000000087b00000| Untracked 
| 102|0x0000000087c00000, 0x0000000087c00000, 0x0000000087d00000|  0%| F|  |TAMS 0x0000000087c00000| PB 0x0000000087c00000| Untracked 
| 103|0x0000000087d00000, 0x0000000087d00000, 0x0000000087e00000|  0%| F|  |TAMS 0x0000000087d00000| PB 0x0000000087d00000| Untracked 
| 104|0x0000000087e00000, 0x0000000087e00000, 0x0000000087f00000|  0%| F|  |TAMS 0x0000000087e00000| PB 0x0000000087e00000| Untracked 
| 105|0x0000000087f00000, 0x0000000087f00000, 0x0000000088000000|  0%| F|  |TAMS 0x0000000087f00000| PB 0x0000000087f00000| Untracked 
| 106|0x0000000088000000, 0x0000000088000000, 0x0000000088100000|  0%| F|  |TAMS 0x0000000088000000| PB 0x0000000088000000| Untracked 
| 107|0x0000000088100000, 0x0000000088100000, 0x0000000088200000|  0%| F|  |TAMS 0x0000000088100000| PB 0x0000000088100000| Untracked 
| 108|0x0000000088200000, 0x0000000088200000, 0x0000000088300000|  0%| F|  |TAMS 0x0000000088200000| PB 0x0000000088200000| Untracked 
| 109|0x0000000088300000, 0x0000000088300000, 0x0000000088400000|  0%| F|  |TAMS 0x0000000088300000| PB 0x0000000088300000| Untracked 
| 110|0x0000000088400000, 0x0000000088400000, 0x0000000088500000|  0%| F|  |TAMS 0x0000000088400000| PB 0x0000000088400000| Untracked 
| 111|0x0000000088500000, 0x0000000088500000, 0x0000000088600000|  0%| F|  |TAMS 0x0000000088500000| PB 0x0000000088500000| Untracked 
| 112|0x0000000088600000, 0x0000000088600000, 0x0000000088700000|  0%| F|  |TAMS 0x0000000088600000| PB 0x0000000088600000| Untracked 
| 113|0x0000000088700000, 0x0000000088800000, 0x0000000088800000|100%| S|CS|TAMS 0x0000000088700000| PB 0x0000000088700000| Complete 
| 114|0x0000000088800000, 0x0000000088900000, 0x0000000088900000|100%| S|CS|TAMS 0x0000000088800000| PB 0x0000000088800000| Complete 
| 115|0x0000000088900000, 0x0000000088900000, 0x0000000088a00000|  0%| F|  |TAMS 0x0000000088900000| PB 0x0000000088900000| Untracked 
| 116|0x0000000088a00000, 0x0000000088a00000, 0x0000000088b00000|  0%| F|  |TAMS 0x0000000088a00000| PB 0x0000000088a00000| Untracked 
| 117|0x0000000088b00000, 0x0000000088b00000, 0x0000000088c00000|  0%| F|  |TAMS 0x0000000088b00000| PB 0x0000000088b00000| Untracked 
| 118|0x0000000088c00000, 0x0000000088c00000, 0x0000000088d00000|  0%| F|  |TAMS 0x0000000088c00000| PB 0x0000000088c00000| Untracked 
| 119|0x0000000088d00000, 0x0000000088d00000, 0x0000000088e00000|  0%| F|  |TAMS 0x0000000088d00000| PB 0x0000000088d00000| Untracked 
| 120|0x0000000088e00000, 0x0000000088e00000, 0x0000000088f00000|  0%| F|  |TAMS 0x0000000088e00000| PB 0x0000000088e00000| Untracked 
| 121|0x0000000088f00000, 0x0000000088f00000, 0x0000000089000000|  0%| F|  |TAMS 0x0000000088f00000| PB 0x0000000088f00000| Untracked 
| 122|0x0000000089000000, 0x0000000089000000, 0x0000000089100000|  0%| F|  |TAMS 0x0000000089000000| PB 0x0000000089000000| Untracked 
| 123|0x0000000089100000, 0x0000000089198f78, 0x0000000089200000| 59%| E|  |TAMS 0x0000000089100000| PB 0x0000000089100000| Complete 
| 124|0x0000000089200000, 0x0000000089300000, 0x0000000089300000|100%| E|CS|TAMS 0x0000000089200000| PB 0x0000000089200000| Complete 
| 125|0x0000000089300000, 0x0000000089400000, 0x0000000089400000|100%| E|CS|TAMS 0x0000000089300000| PB 0x0000000089300000| Complete 
| 126|0x0000000089400000, 0x0000000089500000, 0x0000000089500000|100%| E|CS|TAMS 0x0000000089400000| PB 0x0000000089400000| Complete 
| 127|0x0000000089500000, 0x0000000089600000, 0x0000000089600000|100%| E|CS|TAMS 0x0000000089500000| PB 0x0000000089500000| Complete 

Card table byte_map: [0x000002b853ba0000,0x000002b853fa0000] _byte_map_base: 0x000002b853795000

Marking Bits: (CMBitMap*) 0x000002b8487527e0
 Bits: [0x000002b8543a0000, 0x000002b856348000)

Polling page: 0x000002b846670000

Metaspace:

Usage:
  Non-class:      5.95 MB used.
      Class:    850.32 KB used.
       Both:      6.78 MB used.

Virtual space:
  Non-class space:       64.00 MB reserved,       6.06 MB (  9%) committed,  1 nodes.
      Class space:        1.00 GB reserved,     960.00 KB ( <1%) committed,  1 nodes.
             Both:        1.06 GB reserved,       7.00 MB ( <1%) committed. 

Chunk freelists:
   Non-Class:  1.86 MB
       Class:  3.07 MB
        Both:  4.93 MB

MaxMetaspaceSize: unlimited
CompressedClassSpaceSize: 1.00 GB
Initial GC threshold: 21.00 MB
Current GC threshold: 21.00 MB
CDS: on
MetaspaceReclaimPolicy: balanced
 - commit_granule_bytes: 65536.
 - commit_granule_words: 8192.
 - virtual_space_node_default_size: 8388608.
 - enlarge_chunks_in_place: 1.
 - new_chunks_are_fully_committed: 0.
 - uncommit_free_chunks: 1.
 - use_allocation_guard: 0.


Internal statistics:

num_allocs_failed_limit: 0.
num_arena_births: 278.
num_arena_deaths: 0.
num_vsnodes_births: 2.
num_vsnodes_deaths: 0.
num_space_committed: 112.
num_space_uncommitted: 0.
num_chunks_returned_to_freelist: 0.
num_chunks_taken_from_freelist: 411.
num_chunk_merges: 0.
num_chunk_splits: 232.
num_chunks_enlarged: 84.
num_inconsistent_stats: 0.

CodeCache: size=49152Kb used=4332Kb max_used=4332Kb free=44819Kb
 bounds [0x000002b8507a0000, 0x000002b850be0000, 0x000002b8537a0000]
 total_blobs=1822 nmethods=1350 adapters=396
 compilation: enabled
              stopped_count=0, restarted_count=0
 full_count=0

Compilation events (20 events):
Event: 1.440 Thread 0x000002b85c8b1d00 1340       1       java.util.regex.Pattern::peek (26 bytes)
Event: 1.440 Thread 0x000002b85860be00 nmethod 1339 0x000002b850bd5410 code [0x000002b850bd5580, 0x000002b850bd5658]
Event: 1.440 Thread 0x000002b85d0021f0 nmethod 1338 0x000002b850bd5710 code [0x000002b850bd5880, 0x000002b850bd5988]
Event: 1.440 Thread 0x000002b85c8b1d00 nmethod 1340 0x000002b850bd5a10 code [0x000002b850bd5ba0, 0x000002b850bd5cd8]
Event: 1.443 Thread 0x000002b85d0021f0 1341       1       java.lang.invoke.DirectMethodHandle::isCrackable (5 bytes)
Event: 1.443 Thread 0x000002b85c8b1d00 1342       1       jdk.internal.misc.CDS::isDumpingArchive (4 bytes)
Event: 1.443 Thread 0x000002b85d0021f0 nmethod 1341 0x000002b850bd6c10 code [0x000002b850bd6d80, 0x000002b850bd6e50]
Event: 1.443 Thread 0x000002b85c8b1d00 nmethod 1342 0x000002b850bd6f10 code [0x000002b850bd7080, 0x000002b850bd7128]
Event: 1.448 Thread 0x000002b85c8b1d00 1343       1       java.io.FileSystem::hasBooleanAttributes (17 bytes)
Event: 1.449 Thread 0x000002b85c8b1d00 nmethod 1343 0x000002b850bd7210 code [0x000002b850bd73c0, 0x000002b850bd7548]
Event: 1.449 Thread 0x000002b85d0021f0 1344   !   1       java.io.WinNTFileSystem::getBooleanAttributes (27 bytes)
Event: 1.449 Thread 0x000002b85d0021f0 nmethod 1344 0x000002b850bd7690 code [0x000002b850bd7840, 0x000002b850bd79a8]
Event: 1.449 Thread 0x000002b85860be00 1346       1       java.util.ArrayDeque::poll (5 bytes)
Event: 1.449 Thread 0x000002b85860be00 nmethod 1346 0x000002b850bd7f10 code [0x000002b850bd80a0, 0x000002b850bd8180]
Event: 1.451 Thread 0x000002b85c8b1d00 1347   !   1       java.util.concurrent.ConcurrentHashMap::computeIfAbsent (576 bytes)
Event: 1.454 Thread 0x000002b85c8b1d00 nmethod 1347 0x000002b850bd8210 code [0x000002b850bd8500, 0x000002b850bd9968]
Event: 1.455 Thread 0x000002b85c8b1d00 1348       1       java.lang.System$2::findBootstrapClassOrNull (5 bytes)
Event: 1.455 Thread 0x000002b85c8b1d00 nmethod 1348 0x000002b850bda590 code [0x000002b850bda720, 0x000002b850bda840]
Event: 1.455 Thread 0x000002b85d0021f0 1349       1       java.lang.ClassLoader::findBootstrapClassOrNull (14 bytes)
Event: 1.456 Thread 0x000002b85d0021f0 nmethod 1349 0x000002b850bdaf10 code [0x000002b850bdb0a0, 0x000002b850bdb1b8]

GC Heap History (2 events):
Event: 1.169 GC heap before
{Heap before GC invocations=0 (full 0):
 garbage-first heap   total 131072K, used 12288K [0x0000000081600000, 0x0000000100000000)
  region size 1024K, 13 young (13312K), 0 survivors (0K)
 Metaspace       used 5219K, committed 5376K, reserved 1114112K
  class space    used 615K, committed 704K, reserved 1048576K
}
Event: 1.180 GC heap after
{Heap after GC invocations=1 (full 0):
 garbage-first heap   total 131072K, used 4480K [0x0000000081600000, 0x0000000100000000)
  region size 1024K, 2 young (2048K), 2 survivors (2048K)
 Metaspace       used 5219K, committed 5376K, reserved 1114112K
  class space    used 615K, committed 704K, reserved 1048576K
}

Dll operation events (12 events):
Event: 0.027 Loaded shared library C:\Program Files\Java\jdk-20\bin\java.dll
Event: 0.059 Loaded shared library C:\Program Files\Java\jdk-20\bin\jsvml.dll
Event: 0.311 Loaded shared library C:\Program Files\Java\jdk-20\bin\zip.dll
Event: 0.316 Loaded shared library C:\Program Files\Java\jdk-20\bin\instrument.dll
Event: 0.328 Loaded shared library C:\Program Files\Java\jdk-20\bin\net.dll
Event: 0.331 Loaded shared library C:\Program Files\Java\jdk-20\bin\nio.dll
Event: 0.339 Loaded shared library C:\Program Files\Java\jdk-20\bin\zip.dll
Event: 0.488 Loaded shared library C:\Program Files\JetBrains\IntelliJ IDEA 2023.2.1\bin\breakgen64.dll
Event: 0.500 Loaded shared library C:\Program Files\Java\jdk-20\bin\jimage.dll
Event: 0.515 Loaded shared library C:\Program Files\Java\jdk-20\bin\extnet.dll
Event: 0.537 Loaded shared library C:\Program Files\Java\jdk-20\bin\management.dll
Event: 0.556 Loaded shared library C:\Program Files\Java\jdk-20\bin\management_ext.dll

Deoptimization events (4 events):
Event: 0.783 Thread 0x000002b8486f3510 DEOPT PACKING pc=0x000002b850a5ea5d sp=0x000000c02fcfd5a0
Event: 0.784 Thread 0x000002b8486f3510 DEOPT UNPACKING pc=0x000002b85080a4c2 sp=0x000000c02fcfca50 mode 3
Event: 0.823 Thread 0x000002b8486f3510 DEOPT PACKING pc=0x000002b850a75de0 sp=0x000000c02fcfd570
Event: 0.823 Thread 0x000002b8486f3510 DEOPT UNPACKING pc=0x000002b85080a4c2 sp=0x000000c02fcfca28 mode 3

Classes loaded (20 events):
Event: 1.382 Loading class java/lang/Throwable$PrintStreamOrWriter
Event: 1.382 Loading class java/lang/Throwable$PrintStreamOrWriter done
Event: 1.382 Loading class java/io/PrintWriter
Event: 1.382 Loading class java/io/PrintWriter done
Event: 1.390 Loading class java/lang/StackTraceElement$HashedModules
Event: 1.390 Loading class java/lang/StackTraceElement$HashedModules done
Event: 1.399 Loading class java/util/function/UnaryOperator
Event: 1.399 Loading class java/util/function/UnaryOperator done
Event: 1.400 Loading class java/rmi/AccessException
Event: 1.400 Loading class java/rmi/AccessException done
Event: 1.410 Loading class java/rmi/server/UnicastRemoteObject
Event: 1.411 Loading class java/rmi/server/UnicastRemoteObject done
Event: 1.414 Loading class java/net/MalformedURLException
Event: 1.414 Loading class java/net/MalformedURLException done
Event: 1.444 Loading class java/util/concurrent/atomic/AtomicReference
Event: 1.444 Loading class java/util/concurrent/atomic/AtomicReference done
Event: 1.450 Loading class java/lang/NumberFormatException
Event: 1.450 Loading class java/lang/NumberFormatException done
Event: 1.460 Loading class java/util/concurrent/TimeoutException
Event: 1.460 Loading class java/util/concurrent/TimeoutException done

Classes unloaded (0 events):
No events

Classes redefined (0 events):
No events

Internal exceptions (20 events):
Event: 0.957 Thread 0x000002b8486f3510 Exception <a 'java/lang/NoSuchMethodError'{0x0000000088b6ecd0}: 'java.lang.Object java.lang.invoke.DirectMethodHandle$Holder.invokeStaticInit(java.lang.Object, int, int, int, int)'> (0x0000000088b6ecd0) 
thrown [s\open\src\hotspot\share\interpreter\linkResolver.cpp, line 773]
Event: 1.059 Thread 0x000002b8486f3510 Exception <a 'java/lang/NoSuchMethodError'{0x0000000088bdc900}: 'java.lang.Object java.lang.invoke.DirectMethodHandle$Holder.invokeStaticInit(java.lang.Object, java.lang.Object, int, int, int, int)'> (0x0000000088bdc900) 
thrown [s\open\src\hotspot\share\interpreter\linkResolver.cpp, line 773]
Event: 1.086 Thread 0x000002b8486f3510 Exception <a 'java/lang/ClassNotFoundException'{0x0000000088bfc4d8}: javax/management/remote/rmi/RMIServerImpl_Skel> (0x0000000088bfc4d8) 
thrown [s\open\src\hotspot\share\classfile\systemDictionary.cpp, line 305]
Event: 1.115 Thread 0x000002b8486f3510 Exception <a 'java/lang/NoSuchMethodError'{0x0000000088a16198}: 'long java.lang.invoke.DirectMethodHandle$Holder.invokeSpecial(java.lang.Object, java.lang.Object)'> (0x0000000088a16198) 
thrown [s\open\src\hotspot\share\interpreter\linkResolver.cpp, line 773]
Event: 1.115 Thread 0x000002b8486f3510 Exception <a 'java/lang/NoSuchMethodError'{0x0000000088a19860}: 'long java.lang.invoke.Invokers$Holder.invokeExact_MT(java.lang.Object, java.lang.Object)'> (0x0000000088a19860) 
thrown [s\open\src\hotspot\share\interpreter\linkResolver.cpp, line 773]
Event: 1.130 Thread 0x000002b8486f3510 Exception <a 'java/lang/NoSuchMethodError'{0x0000000088a321f8}: 'void java.lang.invoke.DirectMethodHandle$Holder.invokeSpecial(java.lang.Object, java.lang.Object, java.lang.Object)'> (0x0000000088a321f8) 
thrown [s\open\src\hotspot\share\interpreter\linkResolver.cpp, line 773]
Event: 1.134 Thread 0x000002b858609230 Exception <a 'java/lang/NoSuchMethodError'{0x00000000889187c8}: 'java.lang.Object java.lang.invoke.DirectMethodHandle$Holder.invokeStaticInit(java.lang.Object, int)'> (0x00000000889187c8) 
thrown [s\open\src\hotspot\share\interpreter\linkResolver.cpp, line 773]
Event: 1.147 Thread 0x000002b858609230 Exception <a 'java/lang/NoSuchMethodError'{0x00000000889a1260}: 'java.lang.Object java.lang.invoke.Invokers$Holder.invokeExact_MT(java.lang.Object, java.lang.Object, java.lang.Object, java.lang.Object, java.lang.Object, java.lang.Object)'> (0x00000000889a1260) 
thrown [s\open\src\hotspot\share\interpreter\linkResolver.cpp, line 773]
Event: 1.310 Thread 0x000002b85cf94fb0 Exception <a 'java/lang/NoSuchMethodError'{0x00000000893439d0}: static [B.<clinit>()V> (0x00000000893439d0) 
thrown [s\open\src\hotspot\share\prims\jni.cpp, line 1105]
Event: 1.312 Thread 0x000002b85cf94fb0 Exception <a 'java/lang/NoSuchMethodError'{0x0000000089345660}: 'java.lang.Object java.lang.invoke.DirectMethodHandle$Holder.invokeInterface(java.lang.Object, java.lang.Object, java.lang.Object)'> (0x0000000089345660) 
thrown [s\open\src\hotspot\share\interpreter\linkResolver.cpp, line 773]
Event: 1.336 Thread 0x000002b85cf94fb0 Exception <a 'java/lang/ClassNotFoundException'{0x000000008939cb90}: javax/management/remote/rmi/RMIConnectionImpl_Skel> (0x000000008939cb90) 
thrown [s\open\src\hotspot\share\classfile\systemDictionary.cpp, line 305]
Event: 1.338 Thread 0x000002b8486f3510 Exception <a 'java/lang/ClassNotFoundException'{0x0000000089335810}: javax/smartcardio/CardPermission> (0x0000000089335810) 
thrown [s\open\src\hotspot\share\classfile\systemDictionary.cpp, line 305]
Event: 1.345 Thread 0x000002b8486f3510 Exception <a 'java/io/FileNotFoundException'{0x00000000893cf3c0}> (0x00000000893cf3c0) 
thrown [s\open\src\hotspot\share\prims\jni.cpp, line 519]
Event: 1.347 Thread 0x000002b85cf94fb0 Exception <a 'java/lang/NoSuchMethodError'{0x0000000089200af8}: 'java.lang.Object java.lang.invoke.DirectMethodHandle$Holder.invokeInterface(java.lang.Object, java.lang.Object)'> (0x0000000089200af8) 
thrown [s\open\src\hotspot\share\interpreter\linkResolver.cpp, line 773]
Event: 1.355 Thread 0x000002b85cf94fb0 Exception <a 'java/lang/NoSuchMethodError'{0x0000000089218f78}: 'java.lang.Object java.lang.invoke.DirectMethodHandle$Holder.invokeInterface(java.lang.Object, java.lang.Object, java.lang.Object, java.lang.Object, java.lang.Object)'> (0x0000000089218f78) 
thrown [s\open\src\hotspot\share\interpreter\linkResolver.cpp, line 773]
Event: 1.379 Thread 0x000002b85d132450 Exception <a 'java/lang/NoSuchMethodError'{0x0000000089242330}: 'java.lang.Object java.lang.invoke.Invokers$Holder.linkToTargetMethod(java.lang.Object, long, java.lang.Object)'> (0x0000000089242330) 
thrown [s\open\src\hotspot\share\interpreter\linkResolver.cpp, line 773]
Event: 1.391 Thread 0x000002b85cf94fb0 Exception <a 'java/lang/NoSuchMethodError'{0x00000000892b5478}: static [Ljava/lang/StackTraceElement;.<clinit>()V> (0x00000000892b5478) 
thrown [s\open\src\hotspot\share\prims\jni.cpp, line 1105]
Event: 1.408 Thread 0x000002b85cf94fb0 Exception <a 'java/lang/NoSuchMethodError'{0x00000000892c8ec0}: 'void java.lang.invoke.DirectMethodHandle$Holder.invokeInterface(java.lang.Object, java.lang.Object)'> (0x00000000892c8ec0) 
thrown [s\open\src\hotspot\share\interpreter\linkResolver.cpp, line 773]
Event: 1.411 Thread 0x000002b8486f3510 Exception <a 'java/lang/NoSuchMethodError'{0x0000000089266908}: 'java.lang.Object java.lang.invoke.DirectMethodHandle$Holder.invokeSpecial(java.lang.Object, java.lang.Object, java.lang.Object, long, java.lang.Object)'> (0x0000000089266908) 
thrown [s\open\src\hotspot\share\interpreter\linkResolver.cpp, line 773]
Event: 1.412 Thread 0x000002b8486f3510 Exception <a 'java/lang/NoSuchMethodError'{0x000000008926a258}: 'java.lang.Object java.lang.invoke.Invokers$Holder.linkToTargetMethod(java.lang.Object, long, java.lang.Object, java.lang.Object)'> (0x000000008926a258) 
thrown [s\open\src\hotspot\share\interpreter\linkResolver.cpp, line 773]

VM Operations (18 events):
Event: 0.279 Executing VM operation: HandshakeAllThreads
Event: 0.279 Executing VM operation: HandshakeAllThreads done
Event: 0.504 Executing VM operation: HandshakeAllThreads
Event: 0.504 Executing VM operation: HandshakeAllThreads done
Event: 0.925 Executing VM operation: HandshakeAllThreads
Event: 0.925 Executing VM operation: HandshakeAllThreads done
Event: 1.083 Executing VM operation: HandshakeAllThreads
Event: 1.083 Executing VM operation: HandshakeAllThreads done
Event: 1.083 Executing VM operation: Cleanup
Event: 1.083 Executing VM operation: Cleanup done
Event: 1.085 Executing VM operation: HandshakeAllThreads
Event: 1.085 Executing VM operation: HandshakeAllThreads done
Event: 1.169 Executing VM operation: G1CollectForAllocation
Event: 1.180 Executing VM operation: G1CollectForAllocation done
Event: 1.245 Executing VM operation: HandshakeAllThreads
Event: 1.245 Executing VM operation: HandshakeAllThreads done
Event: 1.332 Executing VM operation: HandshakeAllThreads
Event: 1.334 Executing VM operation: HandshakeAllThreads done

Events (18 events):
Event: 0.060 Thread 0x000002b8486f3510 Thread added: 0x000002b8486f3510
Event: 0.089 Thread 0x000002b858603e10 Thread added: 0x000002b858603e10
Event: 0.089 Thread 0x000002b858605a20 Thread added: 0x000002b858605a20
Event: 0.090 Thread 0x000002b858606620 Thread added: 0x000002b858606620
Event: 0.090 Thread 0x000002b858609230 Thread added: 0x000002b858609230
Event: 0.090 Thread 0x000002b85860ab80 Thread added: 0x000002b85860ab80
Event: 0.090 Thread 0x000002b85860b4c0 Thread added: 0x000002b85860b4c0
Event: 0.090 Thread 0x000002b85860be00 Thread added: 0x000002b85860be00
Event: 0.249 Thread 0x000002b85c81fd00 Thread added: 0x000002b85c81fd00
Event: 0.279 Thread 0x000002b85c8b1d00 Thread added: 0x000002b85c8b1d00
Event: 0.490 Thread 0x000002b85cb0bc70 Thread added: 0x000002b85cb0bc70
Event: 0.490 Thread 0x000002b85cb139d0 Thread added: 0x000002b85cb139d0
Event: 1.102 Thread 0x000002b85d0021f0 Thread added: 0x000002b85d0021f0
Event: 1.108 Thread 0x000002b85d0116e0 Thread added: 0x000002b85d0116e0
Event: 1.231 Thread 0x000002b85cf94fb0 Thread added: 0x000002b85cf94fb0
Event: 1.308 Thread 0x000002b85d0ec400 Thread added: 0x000002b85d0ec400
Event: 1.329 Thread 0x000002b85d132450 Thread added: 0x000002b85d132450
Event: 1.410 Thread 0x000002b85d132450 Thread exited: 0x000002b85d132450


Dynamic libraries:
0x00007ff698d50000 - 0x00007ff698d60000 	C:\Program Files\Java\jdk-20\bin\java.exe
0x00007ffc6b900000 - 0x00007ffc6badb000 	C:\Windows\SYSTEM32\ntdll.dll
0x00007ffc68e60000 - 0x00007ffc68f0e000 	C:\Windows\System32\KERNEL32.DLL
0x00007ffc684f0000 - 0x00007ffc6873a000 	C:\Windows\System32\KERNELBASE.dll
0x00007ffc68090000 - 0x00007ffc68186000 	C:\Windows\System32\ucrtbase.dll
0x00007ffc663f0000 - 0x00007ffc66409000 	C:\Program Files\Java\jdk-20\bin\jli.dll
0x00007ffc69350000 - 0x00007ffc693f1000 	C:\Windows\System32\ADVAPI32.dll
0x00007ffc6b080000 - 0x00007ffc6b11d000 	C:\Windows\System32\msvcrt.dll
0x00007ffc694b0000 - 0x00007ffc69509000 	C:\Windows\System32\sechost.dll
0x00007ffc6af30000 - 0x00007ffc6b055000 	C:\Windows\System32\RPCRT4.dll
0x00007ffc60510000 - 0x00007ffc6052b000 	C:\Program Files\Java\jdk-20\bin\VCRUNTIME140.dll
0x00007ffc6b700000 - 0x00007ffc6b84a000 	C:\Windows\System32\USER32.dll
0x00007ffc68740000 - 0x00007ffc6875e000 	C:\Windows\System32\win32u.dll
0x00007ffc5ae50000 - 0x00007ffc5b0b7000 	C:\Windows\WinSxS\amd64_microsoft.windows.common-controls_6595b64144ccf1df_6.0.15063.1155_none_40c7922129a7722b\COMCTL32.dll
0x00007ffc6b580000 - 0x00007ffc6b5a7000 	C:\Windows\System32\GDI32.dll
0x00007ffc68360000 - 0x00007ffc684e8000 	C:\Windows\System32\gdi32full.dll
0x00007ffc6b250000 - 0x00007ffc6b549000 	C:\Windows\System32\combase.dll
0x00007ffc67e20000 - 0x00007ffc67eba000 	C:\Windows\System32\msvcp_win.dll
0x00007ffc67ec0000 - 0x00007ffc67f2a000 	C:\Windows\System32\bcryptPrimitives.dll
0x00007ffc5a260000 - 0x00007ffc5a26a000 	C:\Windows\SYSTEM32\VERSION.dll
0x00007ffc6b550000 - 0x00007ffc6b57d000 	C:\Windows\System32\IMM32.DLL
0x00007ffc64f70000 - 0x00007ffc64f7c000 	C:\Program Files\Java\jdk-20\bin\vcruntime140_1.dll
0x00007ffc463d0000 - 0x00007ffc4645e000 	C:\Program Files\Java\jdk-20\bin\msvcp140.dll
0x00007ffc30ee0000 - 0x00007ffc31b77000 	C:\Program Files\Java\jdk-20\bin\server\jvm.dll
0x00007ffc66390000 - 0x00007ffc66399000 	C:\Windows\SYSTEM32\WSOCK32.dll
0x00007ffc66330000 - 0x00007ffc66353000 	C:\Windows\SYSTEM32\WINMM.dll
0x00007ffc6b1e0000 - 0x00007ffc6b24c000 	C:\Windows\System32\WS2_32.dll
0x00007ffc661c0000 - 0x00007ffc661eb000 	C:\Windows\SYSTEM32\winmmbase.dll
0x00007ffc68040000 - 0x00007ffc68089000 	C:\Windows\System32\cfgmgr32.dll
0x00007ffc67e00000 - 0x00007ffc67e11000 	C:\Windows\System32\kernel.appcore.dll
0x00007ffc60540000 - 0x00007ffc6054a000 	C:\Program Files\Java\jdk-20\bin\jimage.dll
0x00007ffc57b40000 - 0x00007ffc57ce9000 	C:\Windows\SYSTEM32\DBGHELP.DLL
0x00007ffc576a0000 - 0x00007ffc576c9000 	C:\Windows\SYSTEM32\dbgcore.DLL
0x00007ffc64e00000 - 0x00007ffc64e0e000 	C:\Program Files\Java\jdk-20\bin\instrument.dll
0x00007ffc5efe0000 - 0x00007ffc5f006000 	C:\Program Files\Java\jdk-20\bin\java.dll
0x00007ffc418c0000 - 0x00007ffc41997000 	C:\Program Files\Java\jdk-20\bin\jsvml.dll
0x00007ffc69510000 - 0x00007ffc6a948000 	C:\Windows\System32\SHELL32.dll
0x00007ffc69400000 - 0x00007ffc694aa000 	C:\Windows\System32\shcore.dll
0x00007ffc68760000 - 0x00007ffc68e51000 	C:\Windows\System32\windows.storage.dll
0x00007ffc6b180000 - 0x00007ffc6b1d1000 	C:\Windows\System32\shlwapi.dll
0x00007ffc67db0000 - 0x00007ffc67dfc000 	C:\Windows\System32\powrprof.dll
0x00007ffc67d90000 - 0x00007ffc67da5000 	C:\Windows\System32\profapi.dll
0x00007ffc5bdb0000 - 0x00007ffc5bdc8000 	C:\Program Files\Java\jdk-20\bin\zip.dll
0x00007ffc5c7a0000 - 0x00007ffc5c7b3000 	C:\Program Files\Java\jdk-20\bin\net.dll
0x00007ffc5ed60000 - 0x00007ffc5ee36000 	C:\Windows\SYSTEM32\WINHTTP.dll
0x00007ffc67680000 - 0x00007ffc676dc000 	C:\Windows\system32\mswsock.dll
0x00007ffc5c780000 - 0x00007ffc5c796000 	C:\Program Files\Java\jdk-20\bin\nio.dll
0x00007ffc41840000 - 0x00007ffc4185a000 	C:\Program Files\JetBrains\IntelliJ IDEA 2023.2.1\bin\breakgen64.dll
0x00007ffc5faa0000 - 0x00007ffc5faa7000 	C:\Program Files\Java\jdk-20\bin\extnet.dll
0x00007ffc67460000 - 0x00007ffc67504000 	C:\Windows\SYSTEM32\DNSAPI.dll
0x00007ffc69110000 - 0x00007ffc69118000 	C:\Windows\System32\NSI.dll
0x00007ffc67420000 - 0x00007ffc67457000 	C:\Windows\SYSTEM32\IPHLPAPI.DLL
0x00007ffc57b30000 - 0x00007ffc57b3a000 	C:\Windows\System32\rasadhlp.dll
0x00007ffc5cc00000 - 0x00007ffc5cc6b000 	C:\Windows\System32\fwpuclnt.dll
0x00007ffc67930000 - 0x00007ffc67955000 	C:\Windows\SYSTEM32\bcrypt.dll
0x00007ffc5bd80000 - 0x00007ffc5bd8a000 	C:\Program Files\Java\jdk-20\bin\management.dll
0x00007ffc5a7b0000 - 0x00007ffc5a7bb000 	C:\Program Files\Java\jdk-20\bin\management_ext.dll
0x00007ffc6aea0000 - 0x00007ffc6aea8000 	C:\Windows\System32\PSAPI.DLL
0x00007ffc67820000 - 0x00007ffc67837000 	C:\Windows\SYSTEM32\CRYPTSP.dll
0x00007ffc67290000 - 0x00007ffc672c4000 	C:\Windows\system32\rsaenh.dll
0x00007ffc67c70000 - 0x00007ffc67c99000 	C:\Windows\SYSTEM32\USERENV.dll
0x00007ffc67840000 - 0x00007ffc6784b000 	C:\Windows\SYSTEM32\CRYPTBASE.dll
0x00007ffc60960000 - 0x00007ffc60976000 	C:\Windows\SYSTEM32\dhcpcsvc6.DLL
0x00007ffc623e0000 - 0x00007ffc623fa000 	C:\Windows\SYSTEM32\dhcpcsvc.DLL
0x00007ffc575b0000 - 0x00007ffc575c6000 	C:\Windows\system32\napinsp.dll
0x00007ffc56d50000 - 0x00007ffc56d6a000 	C:\Windows\system32\pnrpnsp.dll
0x00007ffc64b40000 - 0x00007ffc64b58000 	C:\Windows\system32\NLAapi.dll
0x00007ffc575a0000 - 0x00007ffc575ae000 	C:\Windows\System32\winrnr.dll
0x00007ffc56d30000 - 0x00007ffc56d45000 	C:\Windows\System32\wshbth.dll

dbghelp: loaded successfully - version: 4.0.5 - missing functions: none
symbol engine: initialized successfully - sym options: 0x614 - pdb path: .;C:\Program Files\Java\jdk-20\bin;C:\Windows\SYSTEM32;C:\Windows\WinSxS\amd64_microsoft.windows.common-controls_6595b64144ccf1df_6.0.15063.1155_none_40c7922129a7722b;C:\Program Files\Java\jdk-20\bin\server;C:\Program Files\JetBrains\IntelliJ IDEA 2023.2.1\bin

VM Arguments:
jvm_args: -XX:TieredStopAtLevel=1 -Dspring.output.ansi.enabled=always -Dcom.sun.management.jmxremote -Dspring.jmx.enabled=true -Dspring.liveBeansView.mbeanDomain -Dspring.application.admin.enabled=true -Dmanagement.endpoints.jmx.exposure.include=* -javaagent:C:\Program Files\JetBrains\IntelliJ IDEA 2023.2.1\lib\idea_rt.jar=50980:C:\Program Files\JetBrains\IntelliJ IDEA 2023.2.1\bin -Dfile.encoding=UTF-8 -Dsun.stdout.encoding=UTF-8 -Dsun.stderr.encoding=UTF-8 
java_command: com.example.securitylesson.SecurityLessonApplication
java_class_path (initial): C:\Users\USER\SecurityLesson\target\classes;C:\Users\USER\.m2\repository\org\springframework\boot\spring-boot-starter-web\3.2.5\spring-boot-starter-web-3.2.5.jar;C:\Users\USER\.m2\repository\org\springframework\boot\spring-boot-starter\3.2.5\spring-boot-starter-3.2.5.jar;C:\Users\USER\.m2\repository\org\springframework\boot\spring-boot\3.2.5\spring-boot-3.2.5.jar;C:\Users\USER\.m2\repository\org\springframework\boot\spring-boot-autoconfigure\3.2.5\spring-boot-autoconfigure-3.2.5.jar;C:\Users\USER\.m2\repository\org\springframework\boot\spring-boot-starter-logging\3.2.5\spring-boot-starter-logging-3.2.5.jar;C:\Users\USER\.m2\repository\ch\qos\logback\logback-classic\1.4.14\logback-classic-1.4.14.jar;C:\Users\USER\.m2\repository\ch\qos\logback\logback-core\1.4.14\logback-core-1.4.14.jar;C:\Users\USER\.m2\repository\org\apache\logging\log4j\log4j-to-slf4j\2.21.1\log4j-to-slf4j-2.21.1.jar;C:\Users\USER\.m2\repository\org\apache\logging\log4j\log4j-api\2.21.1\log4j-api-2.21.1.jar;C:\Users\USER\.m2\repository\org\slf4j\jul-to-slf4j\2.0.13\jul-to-slf4j-2.0.13.jar;C:\Users\USER\.m2\repository\jakarta\annotation\jakarta.annotation-api\2.1.1\jakarta.annotation-api-2.1.1.jar;C:\Users\USER\.m2\repository\org\yaml\snakeyaml\2.2\snakeyaml-2.2.jar;C:\Users\USER\.m2\repository\org\springframework\boot\spring-boot-starter-json\3.2.5\spring-boot-starter-json-3.2.5.jar;C:\Users\USER\.m2\repository\com\fasterxml\jackson\datatype\jackson-datatype-jdk8\2.15.4\jackson-datatype-jdk8-2.15.4.jar;C:\Users\USER\.m2\repository\com\fasterxml\jackson\datatype\jackson-datatype-jsr310\2.15.4\jackson-datatype-jsr310-2.15.4.jar;C:\Users\USER\.m2\repository\com\fasterxml\jackson\module\jackson-module-parameter-names\2.15.4\jackson-module-parameter-names-2.15.4.jar;C:\Users\USER\.m2\repository\org\springframework\boot\spring-boot-starter-tomcat\3.2.5\spring-boot-starter-tomcat-3.2.5.jar;C:\Users\USER\.m2\repository\org\apache\tomcat\embed\tomcat-embed-core\10.1.20\tomcat-embed-core-10.1.20.jar;C:\Users\USER\.m2\repository\org\apache\tomcat\embed\tomcat-embed-el\10.1.20\tomcat-embed-el-10.1.20.jar;C:\Users\USER\.m2\repository\org\apache\tomcat\embed\tomcat-embed-websocket\10.1.20\tomcat-embed-websocket-10.1.20.jar;C:\Users\USER\.m2\repository\org\springframework\spring-web\6.1.6\spring-web-6.1.6.jar;C:\Users\USER\.m2\repository\org\springframework\spring-beans\6.1.6\spring-beans-6.1.6.jar;C:\Users\USER\.m2\repository\io\micrometer\micrometer-observation\1.12.5\micrometer-observation-1.12.5.jar;C:\Users\USER\.m2\repository\io\micrometer\micrometer-commons\1.12.5\micrometer-commons-1.12.5.jar;C:\Users\USER\.m2\repository\org\springframework\spring-webmvc\6.1.6\spring-webmvc-6.1.6.jar;C:\Users\USER\.m2\repository\org\springframework\spring-context\6.1.6\spring-context-6.1.6.jar;C:\Users\USER\.m2\repository\org\springframework\spring-expression\6.1.6\spring-expression-6.1.6.jar;C:\Users\USER\.m2\repository\io\jsonwebtoken\jjwt\0.9.1\jjwt-0.9.1.jar;C:\Users\USER\.m2\repository\com\fasterxml\jackson\core\jackson-databind\2.15.4\jackson-databind-2.15.4.jar;C:\Users\USER\.m2\repository\com\fasterxml\jackson\core\jackson-annotations\2.15.4\jackson-annotations-2.15.4.jar;C:\Users\USER\.m2\repository\com\fasterxml\jackson\core\jackson-core\2.15.4\jackson-core-2.15.4.jar;C:\Users\USER\.m2\repository\org\springframework\boot\spring-boot-starter-security\3.2.5\spring-boot-starter-security-3.2.5.jar;C:\Users\USER\.m2\repository\org\springframework\spring-aop\6.1.6\spring-aop-6.1.6.jar;C:\Users\USER\.m2\repository\org\springframework\security\spring-security-config\6.2.4\spring-security-config-6.2.4.jar;C:\Users\USER\.m2\repository\org\springframework\security\spring-security-core\6.2.4\spring-security-core-6.2.4.jar;C:\Users\USER\.m2\repository\org\springframework\security\spring-security-crypto\6.2.4\spring-security-crypto-6.2.4.jar;C:\Users\USER\.m2\repository\org\springframework\security\spring-security-web\6.2.4\spring-security-web-6.2.4.jar;C:\Users\USER\.m2\repository\org\slf4j\slf4j-api\2.0.13\slf4j-api-2.0.13.jar;C:\Users\USER\.m2\repository\org\springframework\spring-core\6.1.6\spring-core-6.1.6.jar;C:\Users\USER\.m2\repository\org\springframework\spring-jcl\6.1.6\spring-jcl-6.1.6.jar;C:\Users\USER\.m2\repository\org\projectlombok\lombok\1.18.32\lombok-1.18.32.jar
Launcher Type: SUN_STANDARD

[Global flags]
     intx CICompilerCount                          = 3                                         {product} {ergonomic}
     uint ConcGCThreads                            = 1                                         {product} {ergonomic}
     uint G1ConcRefinementThreads                  = 4                                         {product} {ergonomic}
   size_t G1HeapRegionSize                         = 1048576                                   {product} {ergonomic}
    uintx GCDrainStackTargetSize                   = 64                                        {product} {ergonomic}
   size_t InitialHeapSize                          = 134217728                                 {product} {ergonomic}
     bool ManagementServer                         = true                                      {product} {command line}
   size_t MarkStackSize                            = 4194304                                   {product} {ergonomic}
   size_t MaxHeapSize                              = 2124414976                                {product} {ergonomic}
   size_t MaxNewSize                               = 1274019840                                {product} {ergonomic}
   size_t MinHeapDeltaBytes                        = 1048576                                   {product} {ergonomic}
   size_t MinHeapSize                              = 8388608                                   {product} {ergonomic}
    uintx NonProfiledCodeHeapSize                  = 0                                      {pd product} {ergonomic}
     bool ProfileInterpreter                       = false                                  {pd product} {command line}
    uintx ProfiledCodeHeapSize                     = 0                                      {pd product} {ergonomic}
   size_t SoftMaxHeapSize                          = 2124414976                             {manageable} {ergonomic}
     intx TieredStopAtLevel                        = 1                                         {product} {command line}
     bool UseCompressedClassPointers               = true                           {product lp64_product} {ergonomic}
     bool UseCompressedOops                        = true                           {product lp64_product} {ergonomic}
     bool UseG1GC                                  = true                                      {product} {ergonomic}
     bool UseLargePagesIndividualAllocation        = false                                  {pd product} {ergonomic}

Logging:
Log output configuration:
 #0: stdout all=warning uptime,level,tags foldmultilines=false
 #1: stderr all=off uptime,level,tags foldmultilines=false

Environment Variables:
PATH=C:\Program Files\Common Files\Oracle\Java\javapath;C:\ProgramData\Oracle\Java\javapath;C:\Windows\system32;C:\Windows;C:\Windows\System32\Wbem;C:\Windows\System32\WindowsPowerShell\v1.0\;C:\Program Files (x86)\Microsoft SQL Server\150\DTS\Binn\;C:\Program Files\Microsoft SQL Server\Client SDK\ODBC\170\Tools\Binn\;C:\Program Files (x86)\Microsoft SQL Server\150\Tools\Binn\;C:\Program Files\Microsoft SQL Server\150\Tools\Binn\;C:\Program Files\Microsoft SQL Server\150\DTS\Binn\;C:\Program Files\nodejs\;C:\Program Files\Microsoft SQL Server\130\Tools\Binn\;C:\Program Files\dotnet\;C:\Program Files\MySQL\MySQL Shell 8.0\bin\;C:\Users\USER\AppData\Local\Microsoft\WindowsApps;C:\Users\USER\AppData\Local\Programs\Microsoft VS Code\bin;C:\Program Files\Azure Data Studio\bin;C:\Users\USER\AppData\Roaming\npm;C:\Users\USER\.dotnet\tools;C:\Users\USER\AppData\Local\GitHubDesktop\bin
USERNAME=USER
OS=Windows_NT
PROCESSOR_IDENTIFIER=Intel64 Family 6 Model 69 Stepping 1, GenuineIntel
TMP=C:\Users\USER\AppData\Local\Temp
TEMP=C:\Users\USER\AppData\Local\Temp




---------------  S Y S T E M  ---------------

OS:
 Windows 10 , 64 bit Build 15063 (10.0.15063.1058)
OS uptime: 0 days 17:34 hours

CPU: total 4 (initial active 4) (2 cores per cpu, 2 threads per core) family 6 model 69 stepping 1 microcode 0x23, cx8, cmov, fxsr, ht, mmx, sse, sse2, sse3, ssse3, sse4.1, sse4.2, popcnt, lzcnt, tsc, tscinvbit, avx, avx2, aes, erms, clmul, bmi1, bmi2, fma, vzeroupper, clflush, rdtscp, f16c

Memory: 4k page, system-wide physical 8096M (1317M free)
TotalPageFile size 10586M (AvailPageFile size 11M)
current process WorkingSet (physical memory assigned to process): 65M, peak: 65M
current process commit charge ("private bytes"): 210M, peak: 210M

vm_info: Java HotSpot(TM) 64-Bit Server VM (20.0.1+9-29) for windows-amd64 JRE (20.0.1+9-29), built on 2023-03-07T13:56:11Z by "mach5one" with MS VC++ 17.1 (VS2022)

END.
